[18/Apr/2017 20:55:06] "GET /admin/ HTTP/1.1" 200 10334
[18/Apr/2017 20:55:18] "GET /admin/ HTTP/1.1" 200 10334
[18/Apr/2017 20:55:24] "GET /admin/auth/user/ HTTP/1.1" 200 9481
[18/Apr/2017 20:55:25] "GET /admin/jsi18n/ HTTP/1.1" 200 3217
[18/Apr/2017 20:55:25] "GET /static/admin/img/search.svg HTTP/1.1" 200 458
[18/Apr/2017 20:55:25] "GET /static/admin/img/icon-no.svg HTTP/1.1" 200 560
[18/Apr/2017 20:55:26] "GET /static/admin/img/sorting-icons.svg HTTP/1.1" 200 1097
[18/Apr/2017 20:57:31] "GET /pictures/ HTTP/1.1" 401 66
[18/Apr/2017 20:57:32] "GET /pictures/ HTTP/1.1" 401 66
[18/Apr/2017 20:57:42] "PUT /pictures/upload/ HTTP/1.1" 401 66
[18/Apr/2017 20:58:01] "PUT /pictures/upload/ HTTP/1.1" 401 66
[18/Apr/2017 20:58:19] "PUT /pictures/upload/ HTTP/1.1" 401 66
[18/Apr/2017 20:58:38] "PUT /pictures/upload/ HTTP/1.1" 401 66
[18/Apr/2017 20:58:55] "PUT /pictures/upload/ HTTP/1.1" 401 66
[18/Apr/2017 20:59:07] "PUT /pictures/upload/ HTTP/1.1" 401 66
[18/Apr/2017 21:02:38] "GET /pictures/ HTTP/1.1" 401 66
[18/Apr/2017 21:02:39] "GET /pictures/ HTTP/1.1" 401 66
[18/Apr/2017 21:02:47] "PUT /pictures/upload/ HTTP/1.1" 401 66
[18/Apr/2017 21:03:02] "PUT /pictures/upload/ HTTP/1.1" 401 66
[18/Apr/2017 21:03:29] "PUT /pictures/upload/ HTTP/1.1" 401 66
[18/Apr/2017 21:03:40] "PUT /pictures/upload/ HTTP/1.1" 401 66
[18/Apr/2017 21:04:17] "GET /pictures/ HTTP/1.1" 401 66
[18/Apr/2017 21:04:18] "GET /pictures/ HTTP/1.1" 401 66
[18/Apr/2017 21:04:34] "GET /pictures/ HTTP/1.1" 200 171
[18/Apr/2017 21:04:41] "GET /pictures/NOTE_20170418_230132.jpg HTTP/1.1" 200 3723586
[18/Apr/2017 21:04:54] "GET /pictures/NOTE_20170418_225907.jpg HTTP/1.1" 200 3478206
[18/Apr/2017 21:04:57] "GET /pictures/ HTTP/1.1" 200 171
[18/Apr/2017 21:04:57] "GET /pictures/ HTTP/1.1" 200 171
[18/Apr/2017 21:04:58] "GET /pictures/ HTTP/1.1" 200 171
[18/Apr/2017 21:05:14] "PUT /pictures/upload/ HTTP/1.1" 200 84
[18/Apr/2017 21:05:27] "PUT /pictures/upload/ HTTP/1.1" 200 84
[18/Apr/2017 21:05:41] "PUT /pictures/upload/ HTTP/1.1" 200 84
[18/Apr/2017 21:05:54] "PUT /pictures/upload/ HTTP/1.1" 200 84
[18/Apr/2017 21:06:33] "GET /pictures/ HTTP/1.1" 200 511
[18/Apr/2017 21:06:34] "GET /pictures/ HTTP/1.1" 200 511
[18/Apr/2017 21:06:34] "GET /pictures/ HTTP/1.1" 200 511
[18/Apr/2017 21:09:30] "GET /pictures/ HTTP/1.1" 200 511
[18/Apr/2017 21:11:30] "GET /pictures/ HTTP/1.1" 200 511
[18/Apr/2017 21:13:30] "GET /pictures/ HTTP/1.1" 200 511
[18/Apr/2017 21:15:30] "GET /pictures/ HTTP/1.1" 200 511
[18/Apr/2017 21:19:31] "GET /pictures/ HTTP/1.1" 200 511
[18/Apr/2017 21:23:31] "GET /pictures/ HTTP/1.1" 200 511
[18/Apr/2017 21:25:29] "GET /pictures/ HTTP/1.1" 200 511
[18/Apr/2017 21:29:30] "GET /pictures/ HTTP/1.1" 200 511
[18/Apr/2017 21:31:30] "GET /pictures/ HTTP/1.1" 200 511
[18/Apr/2017 21:33:30] "GET /pictures/ HTTP/1.1" 200 511
[18/Apr/2017 21:37:30] "GET /pictures/ HTTP/1.1" 200 511
[18/Apr/2017 21:40:27] "GET /pictures/ HTTP/1.1" 200 511
[18/Apr/2017 21:40:38] "GET /pictures/NOTE_20170418_230132.jpg HTTP/1.1" 200 3723586
[18/Apr/2017 21:40:52] "GET /pictures/NOTE_20170418_225907.jpg HTTP/1.1" 200 3478206
[18/Apr/2017 21:40:54] "GET /pictures/ HTTP/1.1" 200 511
[18/Apr/2017 21:40:55] "GET /pictures/ HTTP/1.1" 200 511
[18/Apr/2017 21:40:55] "GET /pictures/ HTTP/1.1" 200 511
[18/Apr/2017 21:41:34] "GET /pictures/ HTTP/1.1" 200 511
[18/Apr/2017 21:43:31] "GET /pictures/ HTTP/1.1" 200 511
[18/Apr/2017 21:47:30] "GET /pictures/ HTTP/1.1" 200 511
[18/Apr/2017 21:49:30] "GET /pictures/ HTTP/1.1" 200 511
[18/Apr/2017 21:53:29] "GET /pictures/ HTTP/1.1" 200 511
[18/Apr/2017 21:55:30] "GET /pictures/ HTTP/1.1" 200 511
[18/Apr/2017 21:57:29] "GET /pictures/ HTTP/1.1" 200 511
[18/Apr/2017 22:02:30] "GET /pictures/ HTTP/1.1" 401 66
[18/Apr/2017 22:02:31] "GET /pictures/ HTTP/1.1" 401 66
[18/Apr/2017 22:03:26] "PUT /pictures/upload/ HTTP/1.1" 401 66
[18/Apr/2017 22:03:47] "PUT /pictures/upload/ HTTP/1.1" 401 66
[18/Apr/2017 22:04:09] "PUT /pictures/upload/ HTTP/1.1" 401 66
[18/Apr/2017 22:04:23] "PUT /pictures/upload/ HTTP/1.1" 401 66
[18/Apr/2017 22:06:24] "GET /pictures/ HTTP/1.1" 401 66
[18/Apr/2017 22:06:54] "GET /pictures/ HTTP/1.1" 401 66
[18/Apr/2017 22:07:48] "PUT /pictures/upload/ HTTP/1.1" 401 66
[18/Apr/2017 22:08:07] "PUT /pictures/upload/ HTTP/1.1" 401 66
[18/Apr/2017 22:09:35] "PUT /pictures/upload/ HTTP/1.1" 401 66
[18/Apr/2017 22:10:01] "PUT /pictures/upload/ HTTP/1.1" 401 66
[18/Apr/2017 22:15:03] "GET /pictures/ HTTP/1.1" 401 66
[18/Apr/2017 22:15:05] "GET /pictures/ HTTP/1.1" 401 66
[18/Apr/2017 22:16:04] "PUT /pictures/upload/ HTTP/1.1" 401 66
[18/Apr/2017 22:16:27] "PUT /pictures/upload/ HTTP/1.1" 401 66
[18/Apr/2017 22:17:31] "PUT /pictures/upload/ HTTP/1.1" 401 66
[18/Apr/2017 22:17:48] "PUT /pictures/upload/ HTTP/1.1" 401 66
[18/Apr/2017 22:25:00] "GET /pictures/ HTTP/1.1" 401 66
[18/Apr/2017 22:25:02] "GET /pictures/ HTTP/1.1" 401 66
[18/Apr/2017 22:26:42] "PUT /pictures/upload/ HTTP/1.1" 401 66
[18/Apr/2017 22:26:59] "PUT /pictures/upload/ HTTP/1.1" 401 66
[18/Apr/2017 22:29:22] "PUT /pictures/upload/ HTTP/1.1" 401 66
[18/Apr/2017 22:29:41] "PUT /pictures/upload/ HTTP/1.1" 401 66
[18/Apr/2017 22:43:01] "GET /pictures/ HTTP/1.1" 401 66
[18/Apr/2017 22:43:02] "GET /pictures/ HTTP/1.1" 401 66
[18/Apr/2017 22:45:51] "GET /pictures/ HTTP/1.1" 401 66
[18/Apr/2017 22:45:52] "GET /pictures/ HTTP/1.1" 401 66
[18/Apr/2017 22:45:55] "GET /pictures/ HTTP/1.1" 200 511
[18/Apr/2017 22:46:09] "GET /pictures/NOTE_20170418_230132.jpg HTTP/1.1" 200 3723586
[18/Apr/2017 22:46:24] "GET /pictures/NOTE_20170418_225907.jpg HTTP/1.1" 200 3478206
[18/Apr/2017 22:46:26] "GET /pictures/ HTTP/1.1" 200 511
[18/Apr/2017 22:46:27] "GET /pictures/ HTTP/1.1" 200 511
[18/Apr/2017 22:47:30] "GET /pictures/ HTTP/1.1" 200 511
[18/Apr/2017 22:49:30] "GET /pictures/ HTTP/1.1" 200 511
[18/Apr/2017 22:51:30] "GET /pictures/ HTTP/1.1" 200 511
[18/Apr/2017 22:55:30] "GET /pictures/ HTTP/1.1" 200 511
[18/Apr/2017 22:57:30] "GET /pictures/ HTTP/1.1" 200 511
[18/Apr/2017 23:01:30] "GET /pictures/ HTTP/1.1" 200 511
[18/Apr/2017 23:05:30] "GET /pictures/ HTTP/1.1" 200 511
[18/Apr/2017 23:07:30] "GET /pictures/ HTTP/1.1" 200 511
[18/Apr/2017 23:11:31] "GET /pictures/ HTTP/1.1" 200 511
[18/Apr/2017 23:15:30] "GET /pictures/ HTTP/1.1" 200 511
[18/Apr/2017 23:17:30] "GET /pictures/ HTTP/1.1" 200 511
[18/Apr/2017 23:21:30] "GET /pictures/ HTTP/1.1" 200 511
[18/Apr/2017 23:23:30] "GET /pictures/ HTTP/1.1" 200 511
[18/Apr/2017 23:25:31] "GET /pictures/ HTTP/1.1" 200 511
[18/Apr/2017 23:29:30] "GET /pictures/ HTTP/1.1" 200 511
[18/Apr/2017 23:31:30] "GET /pictures/ HTTP/1.1" 200 511
[18/Apr/2017 23:33:30] "GET /pictures/ HTTP/1.1" 200 511
[18/Apr/2017 23:37:30] "GET /pictures/ HTTP/1.1" 200 511
[18/Apr/2017 23:42:30] "GET /pictures/ HTTP/1.1" 401 66
[18/Apr/2017 23:42:32] "GET /pictures/ HTTP/1.1" 401 66
[18/Apr/2017 23:43:28] "PUT /pictures/upload/ HTTP/1.1" 401 66
[18/Apr/2017 23:43:41] "PUT /pictures/upload/ HTTP/1.1" 401 66
[18/Apr/2017 23:44:17] "PUT /pictures/upload/ HTTP/1.1" 401 66
[18/Apr/2017 23:44:33] "PUT /pictures/upload/ HTTP/1.1" 401 66
[18/Apr/2017 23:46:30] "GET /pictures/ HTTP/1.1" 401 66
[18/Apr/2017 23:46:31] "GET /pictures/ HTTP/1.1" 401 66
[18/Apr/2017 23:47:22] "PUT /pictures/upload/ HTTP/1.1" 401 66
[18/Apr/2017 23:47:36] "PUT /pictures/upload/ HTTP/1.1" 401 66
[18/Apr/2017 23:48:00] "PUT /pictures/upload/ HTTP/1.1" 401 66
[19/Apr/2017 00:03:19] "PUT /pictures/upload/ HTTP/1.1" 401 66
[19/Apr/2017 00:03:41] "GET /pictures/ HTTP/1.1" 200 511
[19/Apr/2017 00:03:42] "GET /pictures/ HTTP/1.1" 200 511
[19/Apr/2017 00:03:43] "GET /pictures/ HTTP/1.1" 200 511
[19/Apr/2017 00:04:49] "GET /pictures/ HTTP/1.1" 200 2551
[19/Apr/2017 00:04:58] "GET /pictures/NOTE_20170320_172615.jpg HTTP/1.1" 200 4941582
[19/Apr/2017 00:05:07] "GET /pictures/NOTE_20170216_125910.jpg HTTP/1.1" 200 3360550
[19/Apr/2017 00:05:13] "GET /pictures/NOTE_20170216_130111.jpg HTTP/1.1" 200 3526935
[19/Apr/2017 00:05:25] "GET /pictures/NOTE_20270216_204546.jpg HTTP/1.1" 200 2533734
[19/Apr/2017 00:05:36] "GET /pictures/NOTE_20170413_011322.jpg HTTP/1.1" 200 3544040
[19/Apr/2017 00:05:41] "GET /pictures/NOTE_20490216_204354.jpg HTTP/1.1" 200 565000
[19/Apr/2017 00:05:53] "GET /pictures/NOTE_20170216_123144.jpg HTTP/1.1" 200 3064056
[19/Apr/2017 00:05:58] "GET /pictures/NOTE_20170216_204354.jpg HTTP/1.1" 200 565000
[19/Apr/2017 00:06:11] "GET /pictures/NOTE_20170406_031115.jpg HTTP/1.1" 200 2402196
[19/Apr/2017 00:06:24] "GET /pictures/NOTE_20170320_175351.jpg HTTP/1.1" 200 2583906
[19/Apr/2017 00:06:33] "GET /pictures/NOTE_20190215_114007.jpg HTTP/1.1" 200 2793983
[19/Apr/2017 00:06:42] "GET /pictures/NOTE_20170216_130101.jpg HTTP/1.1" 200 2767497
[19/Apr/2017 00:06:54] "GET /pictures/NOTE_20170215_173220.jpg HTTP/1.1" 200 3064051
[19/Apr/2017 00:07:03] "GET /pictures/NOTE_20170216_125954.jpg HTTP/1.1" 200 3203945
[19/Apr/2017 00:07:15] "GET /pictures/NOTE_20170216_125928.jpg HTTP/1.1" 200 2515828
[19/Apr/2017 00:07:24] "GET /pictures/NOTE_20170216_125919.jpg HTTP/1.1" 200 3064055
[19/Apr/2017 00:07:30] "GET /pictures/NOTE_20170215_165917.jpg HTTP/1.1" 200 3405095
[19/Apr/2017 00:07:38] "GET /pictures/ HTTP/1.1" 200 2551
[19/Apr/2017 00:07:46] "GET /pictures/NOTE_20170215_165917.jpg HTTP/1.1" 200 3405095
[19/Apr/2017 00:08:01] "GET /pictures/NOTE_20170222_222251.jpg HTTP/1.1" 200 3194647
[19/Apr/2017 00:08:16] "GET /pictures/NOTE_20170215_165927.jpg HTTP/1.1" 200 2515856
[19/Apr/2017 00:08:31] "GET /pictures/NOTE_20170405_215236.jpg HTTP/1.1" 200 3236730
[19/Apr/2017 00:08:39] "GET /pictures/NOTE_20170216_204546.jpg HTTP/1.1" 200 2533734
[19/Apr/2017 00:08:49] "GET /pictures/NOTE_20170418_200916.jpg HTTP/1.1" 200 3534793
[19/Apr/2017 00:08:54] "GET /pictures/NOTE_20170216_125904.jpg HTTP/1.1" 200 487177
[19/Apr/2017 00:09:09] "GET /pictures/NOTE_20470216_125919.jpg HTTP/1.1" 200 3064055
[19/Apr/2017 00:09:13] "GET /pictures/NOTE_20170215_175135.jpg HTTP/1.1" 200 487190
[19/Apr/2017 00:09:28] "GET /pictures/NOTE_20480320_172615.jpg HTTP/1.1" 200 4941582
[19/Apr/2017 00:10:07] "GET /pictures/NOTE_20170216_125938.jpg HTTP/1.1" 200 3405092
[19/Apr/2017 00:10:28] "GET /pictures/NOTE_20170219_183325.jpg HTTP/1.1" 200 4321967
[19/Apr/2017 00:11:07] "GET /pictures/NOTE_20170215_165940.jpg HTTP/1.1" 200 2901593
[19/Apr/2017 00:11:41] "GET /pictures/NOTE_20170216_114022.jpg HTTP/1.1" 200 3360557
[19/Apr/2017 00:11:44] "GET /pictures/ HTTP/1.1" 200 2551
[19/Apr/2017 00:16:00] "GET /pictures/ HTTP/1.1" 200 2551
[19/Apr/2017 00:19:30] "GET /pictures/ HTTP/1.1" 200 2551
[19/Apr/2017 00:21:30] "GET /pictures/ HTTP/1.1" 200 2551
[19/Apr/2017 00:23:31] "GET /pictures/ HTTP/1.1" 200 2551
[19/Apr/2017 00:25:31] "GET /pictures/ HTTP/1.1" 200 2551
[19/Apr/2017 00:29:31] "GET /pictures/ HTTP/1.1" 200 2551
[19/Apr/2017 00:31:30] "GET /pictures/ HTTP/1.1" 200 2551
[19/Apr/2017 00:33:31] "GET /pictures/ HTTP/1.1" 200 2551
[19/Apr/2017 00:35:31] "GET /pictures/ HTTP/1.1" 200 2551
[19/Apr/2017 00:37:31] "GET /pictures/ HTTP/1.1" 200 2551
[19/Apr/2017 00:41:31] "GET /pictures/ HTTP/1.1" 200 2551
[19/Apr/2017 00:45:31] "GET /pictures/ HTTP/1.1" 200 2551
[19/Apr/2017 00:47:30] "GET /pictures/ HTTP/1.1" 200 2551
[19/Apr/2017 00:49:30] "GET /pictures/ HTTP/1.1" 200 2551
[19/Apr/2017 00:53:30] "GET /pictures/ HTTP/1.1" 200 2551
[19/Apr/2017 00:56:11] "PUT /pictures/upload/ HTTP/1.1" 200 84
[19/Apr/2017 00:56:26] "PUT /pictures/upload/ HTTP/1.1" 200 84
[19/Apr/2017 00:56:39] "PUT /pictures/upload/ HTTP/1.1" 200 84
[19/Apr/2017 00:56:54] "PUT /pictures/upload/ HTTP/1.1" 200 84
[19/Apr/2017 00:56:59] "PUT /pictures/upload/ HTTP/1.1" 200 84
[19/Apr/2017 00:57:16] "PUT /pictures/upload/ HTTP/1.1" 200 84
[19/Apr/2017 00:57:34] "PUT /pictures/upload/ HTTP/1.1" 200 84
[19/Apr/2017 00:57:48] "PUT /pictures/upload/ HTTP/1.1" 200 84
[19/Apr/2017 00:57:53] "PUT /pictures/upload/ HTTP/1.1" 200 84
[19/Apr/2017 00:58:05] "PUT /pictures/upload/ HTTP/1.1" 200 84
[19/Apr/2017 00:58:16] "PUT /pictures/upload/ HTTP/1.1" 200 84
[19/Apr/2017 00:58:28] "PUT /pictures/upload/ HTTP/1.1" 200 84
[19/Apr/2017 00:58:43] "PUT /pictures/upload/ HTTP/1.1" 200 84
[19/Apr/2017 00:58:57] "PUT /pictures/upload/ HTTP/1.1" 200 84
[19/Apr/2017 00:59:11] "PUT /pictures/upload/ HTTP/1.1" 200 84
[19/Apr/2017 00:59:22] "PUT /pictures/upload/ HTTP/1.1" 200 84
[19/Apr/2017 00:59:37] "PUT /pictures/upload/ HTTP/1.1" 200 84
[19/Apr/2017 00:59:52] "PUT /pictures/upload/ HTTP/1.1" 200 84
[19/Apr/2017 01:00:06] "PUT /pictures/upload/ HTTP/1.1" 200 84
[19/Apr/2017 01:00:16] "PUT /pictures/upload/ HTTP/1.1" 200 84
[19/Apr/2017 01:00:35] "PUT /pictures/upload/ HTTP/1.1" 200 84
[19/Apr/2017 01:01:04] "PUT /pictures/upload/ HTTP/1.1" 200 84
[19/Apr/2017 01:01:17] "PUT /pictures/upload/ HTTP/1.1" 200 84
[19/Apr/2017 01:01:25] "PUT /pictures/upload/ HTTP/1.1" 200 84
[19/Apr/2017 01:01:43] "PUT /pictures/upload/ HTTP/1.1" 200 84
[19/Apr/2017 01:01:45] "PUT /pictures/upload/ HTTP/1.1" 200 84
[19/Apr/2017 01:02:04] "PUT /pictures/upload/ HTTP/1.1" 200 84
[19/Apr/2017 01:02:35] "PUT /pictures/upload/ HTTP/1.1" 200 84
[19/Apr/2017 01:02:56] "PUT /pictures/upload/ HTTP/1.1" 200 84
[19/Apr/2017 01:03:16] "PUT /pictures/upload/ HTTP/1.1" 200 84
[19/Apr/2017 01:03:33] "PUT /pictures/upload/ HTTP/1.1" 200 84
[19/Apr/2017 01:03:47] "PUT /pictures/upload/ HTTP/1.1" 200 84
[19/Apr/2017 01:04:49] "GET /pictures/ HTTP/1.1" 401 66
[19/Apr/2017 01:05:29] "GET /pictures/ HTTP/1.1" 401 66
[19/Apr/2017 01:07:25] "PUT /pictures/upload/ HTTP/1.1" 401 66
[19/Apr/2017 01:08:02] "PUT /pictures/upload/ HTTP/1.1" 401 66
[19/Apr/2017 01:09:19] "PUT /pictures/upload/ HTTP/1.1" 401 66
[19/Apr/2017 01:09:36] "PUT /pictures/upload/ HTTP/1.1" 401 66
[19/Apr/2017 01:10:16] "PUT /pictures/upload/ HTTP/1.1" 401 66
[19/Apr/2017 01:10:32] "PUT /pictures/upload/ HTTP/1.1" 401 66
[19/Apr/2017 02:11:00] "PUT /pictures/upload/ HTTP/1.1" 401 66
[19/Apr/2017 04:03:34] "PUT /pictures/upload/ HTTP/1.1" 401 66
[19/Apr/2017 04:03:44] "PUT /pictures/upload/ HTTP/1.1" 401 66
[19/Apr/2017 04:03:51] "PUT /pictures/upload/ HTTP/1.1" 401 66
[19/Apr/2017 04:05:03] "PUT /pictures/upload/ HTTP/1.1" 401 66
[19/Apr/2017 04:05:23] "PUT /pictures/upload/ HTTP/1.1" 401 66
[19/Apr/2017 04:06:45] "PUT /pictures/upload/ HTTP/1.1" 401 66
[19/Apr/2017 04:06:56] "PUT /pictures/upload/ HTTP/1.1" 401 66
[19/Apr/2017 04:07:06] "PUT /pictures/upload/ HTTP/1.1" 401 66
[19/Apr/2017 04:07:16] "PUT /pictures/upload/ HTTP/1.1" 401 66
[19/Apr/2017 04:07:26] "PUT /pictures/upload/ HTTP/1.1" 401 66
[19/Apr/2017 04:07:35] "PUT /pictures/upload/ HTTP/1.1" 401 66
[19/Apr/2017 04:08:57] "PUT /pictures/upload/ HTTP/1.1" 401 66
[19/Apr/2017 04:09:07] "PUT /pictures/upload/ HTTP/1.1" 401 66
[19/Apr/2017 04:09:26] "PUT /pictures/upload/ HTTP/1.1" 401 66
[19/Apr/2017 04:09:40] "PUT /pictures/upload/ HTTP/1.1" 401 66
[19/Apr/2017 04:10:01] "PUT /pictures/upload/ HTTP/1.1" 401 66
[19/Apr/2017 04:10:11] "PUT /pictures/upload/ HTTP/1.1" 401 66
[19/Apr/2017 04:11:19] "PUT /pictures/upload/ HTTP/1.1" 401 66
[19/Apr/2017 04:11:37] "PUT /pictures/upload/ HTTP/1.1" 401 66
[19/Apr/2017 04:13:04] "PUT /pictures/upload/ HTTP/1.1" 401 66
[19/Apr/2017 04:13:23] "PUT /pictures/upload/ HTTP/1.1" 401 66
[19/Apr/2017 04:13:47] "PUT /pictures/upload/ HTTP/1.1" 401 66
[19/Apr/2017 04:13:57] "PUT /pictures/upload/ HTTP/1.1" 401 66
[19/Apr/2017 04:14:13] "PUT /pictures/upload/ HTTP/1.1" 401 66
[19/Apr/2017 04:14:33] "PUT /pictures/upload/ HTTP/1.1" 401 66
[19/Apr/2017 04:15:08] "PUT /pictures/upload/ HTTP/1.1" 401 66
[19/Apr/2017 04:15:19] "PUT /pictures/upload/ HTTP/1.1" 401 66
[19/Apr/2017 04:15:33] "PUT /pictures/upload/ HTTP/1.1" 401 66
[19/Apr/2017 04:15:47] "PUT /pictures/upload/ HTTP/1.1" 401 66
[19/Apr/2017 04:16:32] "PUT /pictures/upload/ HTTP/1.1" 401 66
[19/Apr/2017 04:16:45] "PUT /pictures/upload/ HTTP/1.1" 401 66
[19/Apr/2017 04:17:18] "PUT /pictures/upload/ HTTP/1.1" 401 66
[19/Apr/2017 04:17:35] "PUT /pictures/upload/ HTTP/1.1" 401 66
[19/Apr/2017 04:19:12] "PUT /pictures/upload/ HTTP/1.1" 401 66
[19/Apr/2017 04:19:25] "PUT /pictures/upload/ HTTP/1.1" 401 66
[19/Apr/2017 04:19:45] "PUT /pictures/upload/ HTTP/1.1" 401 66
[19/Apr/2017 04:19:54] "PUT /pictures/upload/ HTTP/1.1" 401 66
[19/Apr/2017 04:20:02] "PUT /pictures/upload/ HTTP/1.1" 401 66
[19/Apr/2017 04:20:09] "PUT /pictures/upload/ HTTP/1.1" 401 66
[19/Apr/2017 04:21:47] "PUT /pictures/upload/ HTTP/1.1" 401 66
[19/Apr/2017 04:22:08] "PUT /pictures/upload/ HTTP/1.1" 401 66
[19/Apr/2017 04:22:14] "PUT /pictures/upload/ HTTP/1.1" 401 66
[19/Apr/2017 04:22:24] "PUT /pictures/upload/ HTTP/1.1" 401 66
[19/Apr/2017 04:23:21] "PUT /pictures/upload/ HTTP/1.1" 401 66
[19/Apr/2017 04:23:50] "PUT /pictures/upload/ HTTP/1.1" 401 66
[19/Apr/2017 04:25:05] "PUT /pictures/upload/ HTTP/1.1" 401 66
[19/Apr/2017 04:25:40] "PUT /pictures/upload/ HTTP/1.1" 401 66
[19/Apr/2017 04:26:58] "PUT /pictures/upload/ HTTP/1.1" 401 66
[19/Apr/2017 04:27:21] "PUT /pictures/upload/ HTTP/1.1" 401 66
[19/Apr/2017 04:29:13] "PUT /pictures/upload/ HTTP/1.1" 401 66
[19/Apr/2017 04:29:25] "PUT /pictures/upload/ HTTP/1.1" 401 66
[19/Apr/2017 04:29:55] "PUT /pictures/upload/ HTTP/1.1" 401 66
[19/Apr/2017 04:30:19] "PUT /pictures/upload/ HTTP/1.1" 401 66
[19/Apr/2017 04:49:02] "GET /pictures/ HTTP/1.1" 401 66
[19/Apr/2017 04:49:03] "GET /pictures/ HTTP/1.1" 401 66
[19/Apr/2017 04:49:43] "PUT /pictures/upload/ HTTP/1.1" 401 66
[19/Apr/2017 04:49:57] "PUT /pictures/upload/ HTTP/1.1" 401 66
[19/Apr/2017 04:51:41] "PUT /pictures/upload/ HTTP/1.1" 401 66
[19/Apr/2017 04:52:05] "PUT /pictures/upload/ HTTP/1.1" 401 66
[19/Apr/2017 04:53:38] "PUT /pictures/upload/ HTTP/1.1" 401 66
[19/Apr/2017 04:54:02] "PUT /pictures/upload/ HTTP/1.1" 401 66
[19/Apr/2017 04:54:41] "PUT /pictures/upload/ HTTP/1.1" 401 66
[19/Apr/2017 04:54:58] "PUT /pictures/upload/ HTTP/1.1" 401 66
[19/Apr/2017 04:55:09] "PUT /pictures/upload/ HTTP/1.1" 401 66
[19/Apr/2017 04:55:20] "PUT /pictures/upload/ HTTP/1.1" 401 66
[19/Apr/2017 04:56:57] "PUT /pictures/upload/ HTTP/1.1" 401 66
[19/Apr/2017 04:57:17] "PUT /pictures/upload/ HTTP/1.1" 401 66
[19/Apr/2017 04:57:43] "PUT /pictures/upload/ HTTP/1.1" 401 66
[19/Apr/2017 04:57:54] "PUT /pictures/upload/ HTTP/1.1" 401 66
[19/Apr/2017 04:58:03] "PUT /pictures/upload/ HTTP/1.1" 401 66
[19/Apr/2017 04:58:14] "PUT /pictures/upload/ HTTP/1.1" 401 66
[19/Apr/2017 04:59:36] "PUT /pictures/upload/ HTTP/1.1" 401 66
[19/Apr/2017 04:59:53] "PUT /pictures/upload/ HTTP/1.1" 401 66
[19/Apr/2017 05:01:15] "PUT /pictures/upload/ HTTP/1.1" 401 66
[19/Apr/2017 05:01:31] "PUT /pictures/upload/ HTTP/1.1" 401 66
[19/Apr/2017 05:01:44] "PUT /pictures/upload/ HTTP/1.1" 401 66
[19/Apr/2017 05:02:17] "PUT /pictures/upload/ HTTP/1.1" 401 66
[19/Apr/2017 05:03:37] "PUT /pictures/upload/ HTTP/1.1" 401 66
[19/Apr/2017 05:03:52] "PUT /pictures/upload/ HTTP/1.1" 401 66
[19/Apr/2017 05:05:41] "PUT /pictures/upload/ HTTP/1.1" 401 66
[19/Apr/2017 05:05:55] "PUT /pictures/upload/ HTTP/1.1" 401 66
[19/Apr/2017 05:07:37] "PUT /pictures/upload/ HTTP/1.1" 401 66
[19/Apr/2017 05:07:51] "PUT /pictures/upload/ HTTP/1.1" 401 66
[19/Apr/2017 05:08:45] "PUT /pictures/upload/ HTTP/1.1" 401 66
[19/Apr/2017 05:09:15] "PUT /pictures/upload/ HTTP/1.1" 401 66
[19/Apr/2017 05:09:32] "PUT /pictures/upload/ HTTP/1.1" 401 66
[19/Apr/2017 05:09:51] "PUT /pictures/upload/ HTTP/1.1" 401 66
[19/Apr/2017 05:40:56] "PUT /pictures/upload/ HTTP/1.1" 401 66
[19/Apr/2017 05:41:14] "PUT /pictures/upload/ HTTP/1.1" 401 66
[19/Apr/2017 05:41:49] "PUT /pictures/upload/ HTTP/1.1" 401 66
[19/Apr/2017 05:42:01] "PUT /pictures/upload/ HTTP/1.1" 401 66
[19/Apr/2017 05:42:13] "PUT /pictures/upload/ HTTP/1.1" 401 66
[19/Apr/2017 05:42:30] "PUT /pictures/upload/ HTTP/1.1" 401 66
[19/Apr/2017 05:44:46] "PUT /pictures/upload/ HTTP/1.1" 401 66
[19/Apr/2017 05:45:06] "PUT /pictures/upload/ HTTP/1.1" 401 66
[19/Apr/2017 05:45:57] "PUT /pictures/upload/ HTTP/1.1" 401 66
[19/Apr/2017 05:46:19] "PUT /pictures/upload/ HTTP/1.1" 401 66
[19/Apr/2017 05:47:15] "PUT /pictures/upload/ HTTP/1.1" 401 66
[19/Apr/2017 05:47:26] "PUT /pictures/upload/ HTTP/1.1" 401 66
[19/Apr/2017 05:47:33] "PUT /pictures/upload/ HTTP/1.1" 401 66
[19/Apr/2017 05:47:45] "PUT /pictures/upload/ HTTP/1.1" 401 66
[19/Apr/2017 05:49:16] "PUT /pictures/upload/ HTTP/1.1" 401 66
[19/Apr/2017 05:49:31] "PUT /pictures/upload/ HTTP/1.1" 401 66
[19/Apr/2017 05:49:39] "PUT /pictures/upload/ HTTP/1.1" 401 66
[19/Apr/2017 05:49:47] "PUT /pictures/upload/ HTTP/1.1" 401 66
[19/Apr/2017 05:51:44] "PUT /pictures/upload/ HTTP/1.1" 401 66
[19/Apr/2017 05:52:07] "PUT /pictures/upload/ HTTP/1.1" 401 66
[19/Apr/2017 05:53:30] "PUT /pictures/upload/ HTTP/1.1" 401 66
[19/Apr/2017 05:56:42] "PUT /pictures/upload/ HTTP/1.1" 401 66
[19/Apr/2017 05:56:54] "PUT /pictures/upload/ HTTP/1.1" 401 66
[19/Apr/2017 05:57:09] "PUT /pictures/upload/ HTTP/1.1" 401 66
[19/Apr/2017 05:57:37] "PUT /pictures/upload/ HTTP/1.1" 401 66
[19/Apr/2017 05:57:55] "PUT /pictures/upload/ HTTP/1.1" 401 66
[19/Apr/2017 05:58:31] "PUT /pictures/upload/ HTTP/1.1" 401 66
[19/Apr/2017 05:58:46] "PUT /pictures/upload/ HTTP/1.1" 401 66
[19/Apr/2017 07:16:13] "GET /pictures/ HTTP/1.1" 401 66
[19/Apr/2017 07:16:14] "GET /pictures/ HTTP/1.1" 401 66
[19/Apr/2017 07:16:34] "PUT /pictures/upload/ HTTP/1.1" 401 66
[19/Apr/2017 07:16:52] "PUT /pictures/upload/ HTTP/1.1" 401 66
[19/Apr/2017 07:17:06] "PUT /pictures/upload/ HTTP/1.1" 401 66
[19/Apr/2017 07:17:24] "PUT /pictures/upload/ HTTP/1.1" 401 66
[19/Apr/2017 07:18:19] "PUT /pictures/upload/ HTTP/1.1" 401 66
[19/Apr/2017 07:18:37] "PUT /pictures/upload/ HTTP/1.1" 401 66
[19/Apr/2017 07:18:55] "PUT /pictures/upload/ HTTP/1.1" 401 66
[19/Apr/2017 07:19:09] "PUT /pictures/upload/ HTTP/1.1" 401 66
[19/Apr/2017 07:19:13] "PUT /pictures/upload/ HTTP/1.1" 401 66
[19/Apr/2017 07:19:16] "PUT /pictures/upload/ HTTP/1.1" 401 66
[19/Apr/2017 07:19:43] "PUT /pictures/upload/ HTTP/1.1" 401 66
[19/Apr/2017 07:19:55] "PUT /pictures/upload/ HTTP/1.1" 401 66
[19/Apr/2017 07:20:15] "PUT /pictures/upload/ HTTP/1.1" 401 66
[19/Apr/2017 07:20:27] "PUT /pictures/upload/ HTTP/1.1" 401 66
[19/Apr/2017 07:20:32] "PUT /pictures/upload/ HTTP/1.1" 401 66
[19/Apr/2017 07:20:41] "PUT /pictures/upload/ HTTP/1.1" 401 66
[19/Apr/2017 07:21:40] "PUT /pictures/upload/ HTTP/1.1" 401 66
[19/Apr/2017 07:21:55] "PUT /pictures/upload/ HTTP/1.1" 401 66
[19/Apr/2017 07:22:05] "PUT /pictures/upload/ HTTP/1.1" 401 66
[19/Apr/2017 07:22:28] "PUT /pictures/upload/ HTTP/1.1" 401 66
[19/Apr/2017 07:23:22] "PUT /pictures/upload/ HTTP/1.1" 401 66
[19/Apr/2017 07:23:42] "PUT /pictures/upload/ HTTP/1.1" 401 66
[19/Apr/2017 07:24:52] "PUT /pictures/upload/ HTTP/1.1" 401 66
[19/Apr/2017 07:25:13] "PUT /pictures/upload/ HTTP/1.1" 401 66
[19/Apr/2017 07:26:23] "PUT /pictures/upload/ HTTP/1.1" 401 66
[19/Apr/2017 07:26:35] "PUT /pictures/upload/ HTTP/1.1" 401 66
[19/Apr/2017 07:26:55] "PUT /pictures/upload/ HTTP/1.1" 401 66
[19/Apr/2017 07:27:14] "PUT /pictures/upload/ HTTP/1.1" 401 66
[19/Apr/2017 07:28:23] "PUT /pictures/upload/ HTTP/1.1" 401 66
[19/Apr/2017 07:28:38] "PUT /pictures/upload/ HTTP/1.1" 401 66
[19/Apr/2017 07:29:48] "PUT /pictures/upload/ HTTP/1.1" 401 66
[19/Apr/2017 07:30:05] "PUT /pictures/upload/ HTTP/1.1" 401 66
[19/Apr/2017 07:30:44] "PUT /pictures/upload/ HTTP/1.1" 401 66
[19/Apr/2017 07:31:02] "PUT /pictures/upload/ HTTP/1.1" 401 66
[19/Apr/2017 07:31:20] "PUT /pictures/upload/ HTTP/1.1" 401 66
[19/Apr/2017 07:31:39] "PUT /pictures/upload/ HTTP/1.1" 401 66
[19/Apr/2017 07:32:04] "PUT /pictures/upload/ HTTP/1.1" 401 66
[19/Apr/2017 07:32:27] "PUT /pictures/upload/ HTTP/1.1" 401 66
[19/Apr/2017 07:34:55] "PUT /pictures/upload/ HTTP/1.1" 401 66
[19/Apr/2017 07:35:06] "PUT /pictures/upload/ HTTP/1.1" 401 66
[19/Apr/2017 07:35:37] "PUT /pictures/upload/ HTTP/1.1" 401 66
[19/Apr/2017 07:37:16] "PUT /pictures/upload/ HTTP/1.1" 401 66
[19/Apr/2017 07:37:33] "PUT /pictures/upload/ HTTP/1.1" 401 66
[19/Apr/2017 07:37:53] "PUT /pictures/upload/ HTTP/1.1" 401 66
[19/Apr/2017 07:37:56] "PUT /pictures/upload/ HTTP/1.1" 401 66
[19/Apr/2017 07:37:59] "PUT /pictures/upload/ HTTP/1.1" 401 66
[19/Apr/2017 07:38:12] "PUT /pictures/upload/ HTTP/1.1" 401 66
[19/Apr/2017 07:38:22] "PUT /pictures/upload/ HTTP/1.1" 401 66
[19/Apr/2017 07:38:29] "PUT /pictures/upload/ HTTP/1.1" 401 66
[19/Apr/2017 07:38:37] "PUT /pictures/upload/ HTTP/1.1" 401 66
[19/Apr/2017 07:39:08] "PUT /pictures/upload/ HTTP/1.1" 401 66
[19/Apr/2017 07:39:48] "PUT /pictures/upload/ HTTP/1.1" 401 66
[19/Apr/2017 07:41:54] "PUT /pictures/upload/ HTTP/1.1" 401 66
[19/Apr/2017 07:42:13] "PUT /pictures/upload/ HTTP/1.1" 401 66
[19/Apr/2017 07:44:22] "PUT /pictures/upload/ HTTP/1.1" 401 66
[19/Apr/2017 07:44:40] "PUT /pictures/upload/ HTTP/1.1" 401 66
[19/Apr/2017 07:45:48] "PUT /pictures/upload/ HTTP/1.1" 401 66
[19/Apr/2017 07:46:18] "PUT /pictures/upload/ HTTP/1.1" 401 66
[19/Apr/2017 07:48:05] "PUT /pictures/upload/ HTTP/1.1" 401 66
[19/Apr/2017 07:48:17] "PUT /pictures/upload/ HTTP/1.1" 401 66
[19/Apr/2017 08:17:14] "GET /pictures/ HTTP/1.1" 401 66
[19/Apr/2017 08:17:16] "GET /pictures/ HTTP/1.1" 401 66
[19/Apr/2017 08:18:26] "PUT /pictures/upload/ HTTP/1.1" 401 66
[19/Apr/2017 08:19:32] "PUT /pictures/upload/ HTTP/1.1" 401 66
[19/Apr/2017 08:21:41] "PUT /pictures/upload/ HTTP/1.1" 401 66
[19/Apr/2017 08:21:58] "PUT /pictures/upload/ HTTP/1.1" 401 66
[19/Apr/2017 08:22:22] "PUT /pictures/upload/ HTTP/1.1" 401 66
[19/Apr/2017 10:55:29] "PUT /pictures/upload/ HTTP/1.1" 401 66
[19/Apr/2017 10:55:38] "PUT /pictures/upload/ HTTP/1.1" 401 66
[19/Apr/2017 11:00:50] "GET /pictures/ HTTP/1.1" 200 511
[19/Apr/2017 11:00:56] "GET /pictures/NOTE_20170418_230132.jpg HTTP/1.1" 200 3723586
[19/Apr/2017 11:01:06] "GET /pictures/NOTE_20170418_225907.jpg HTTP/1.1" 200 3478206
[19/Apr/2017 11:01:21] "GET /pictures/ HTTP/1.1" 200 511
[19/Apr/2017 11:01:23] "GET /pictures/ HTTP/1.1" 200 511
[19/Apr/2017 11:04:32] "GET /pictures/ HTTP/1.1" 200 511
[19/Apr/2017 11:04:43] "GET /pictures/NOTE_20170418_230132.jpg HTTP/1.1" 200 3723586
[19/Apr/2017 11:04:56] "GET /pictures/NOTE_20170418_225907.jpg HTTP/1.1" 200 3478206
[19/Apr/2017 11:05:05] "GET /pictures/ HTTP/1.1" 200 511
[19/Apr/2017 11:05:10] "GET /pictures/ HTTP/1.1" 200 511
[19/Apr/2017 11:08:31] "GET /pictures/ HTTP/1.1" 200 511
[19/Apr/2017 11:08:38] "GET /pictures/NOTE_20170418_230132.jpg HTTP/1.1" 200 3723586
[19/Apr/2017 11:08:47] "GET /pictures/NOTE_20170418_225907.jpg HTTP/1.1" 200 3478206
[19/Apr/2017 11:10:01] "GET /pictures/ HTTP/1.1" 200 511
[19/Apr/2017 11:10:03] "GET /pictures/ HTTP/1.1" 200 511
[19/Apr/2017 11:17:47] "GET /pictures/ HTTP/1.1" 200 511
[19/Apr/2017 11:17:58] "GET /pictures/NOTE_20170418_230132.jpg HTTP/1.1" 200 3723586
[19/Apr/2017 11:18:09] "GET /pictures/NOTE_20170418_225907.jpg HTTP/1.1" 200 3478206
[19/Apr/2017 11:19:50] "GET /pictures/ HTTP/1.1" 200 511
[19/Apr/2017 11:20:35] "GET /pictures/ HTTP/1.1" 200 511
[19/Apr/2017 11:20:46] "GET /pictures/NOTE_20170418_230132.jpg HTTP/1.1" 200 3723586
[19/Apr/2017 11:20:50] "GET /pictures/ HTTP/1.1" 200 511
[19/Apr/2017 11:33:04] "GET /pictures/ HTTP/1.1" 200 511
[19/Apr/2017 11:33:09] "GET /pictures/NOTE_20170418_230132.jpg HTTP/1.1" 200 3723586
Traceback (most recent call last):
  File "/usr/lib64/python2.7/wsgiref/handlers.py", line 86, in run
    self.finish_response()
  File "/usr/lib64/python2.7/wsgiref/handlers.py", line 128, in finish_response
    self.write(data)
  File "/usr/lib64/python2.7/wsgiref/handlers.py", line 217, in write
    self._write(data)
  File "/usr/lib64/python2.7/socket.py", line 328, in write
    self.flush()
  File "/usr/lib64/python2.7/socket.py", line 307, in flush
    self._sock.sendall(view[write_offset:write_offset+buffer_size])
error: [Errno 104] Connection reset by peer
[19/Apr/2017 11:33:09] "GET /pictures/NOTE_20170418_230132.jpg HTTP/1.1" 500 59
[2017-04-19 11:33:09,030] - Broken pipe from ('79.180.73.7', 50098)

[19/Apr/2017 11:33:11] "GET /pictures/ HTTP/1.1" 200 511
[19/Apr/2017 11:33:23] "GET /pictures/NOTE_20170418_230132.jpg HTTP/1.1" 200 3723586
[19/Apr/2017 11:33:26] "GET /pictures/ HTTP/1.1" 200 511
[19/Apr/2017 11:34:13] "GET /pictures/ HTTP/1.1" 200 511
[19/Apr/2017 11:37:13] "GET /pictures/ HTTP/1.1" 200 511
[19/Apr/2017 11:37:19] "GET /pictures/NOTE_20170418_230132.jpg HTTP/1.1" 200 3723586
[19/Apr/2017 11:37:31] "GET /pictures/NOTE_20170418_225907.jpg HTTP/1.1" 200 3478206
[19/Apr/2017 11:40:31] "GET /pictures/ HTTP/1.1" 200 511
[19/Apr/2017 11:42:57] "GET /pictures/ HTTP/1.1" 200 511
[19/Apr/2017 11:43:08] "GET /pictures/NOTE_20170418_230132.jpg HTTP/1.1" 200 3723586
[19/Apr/2017 11:43:20] "GET /pictures/NOTE_20170418_225907.jpg HTTP/1.1" 200 3478206
[19/Apr/2017 12:06:42] "GET /pictures/ HTTP/1.1" 200 511
[19/Apr/2017 12:06:54] "GET /pictures/NOTE_20170418_230132.jpg HTTP/1.1" 200 3723586
[19/Apr/2017 12:07:01] "GET /pictures/NOTE_20170418_225907.jpg HTTP/1.1" 200 3478206
[19/Apr/2017 13:36:14] "GET /pictures/ HTTP/1.1" 401 77
[19/Apr/2017 13:36:15] "GET /pictures/ HTTP/1.1" 401 77
[19/Apr/2017 13:38:24] "GET /pictures/ HTTP/1.1" 401 77
[19/Apr/2017 13:38:24] "GET /pictures/ HTTP/1.1" 401 77
[19/Apr/2017 13:40:35] "GET /pictures/ HTTP/1.1" 200 5271
[19/Apr/2017 13:40:45] "GET /pictures/NOTE_20170320_172615.jpg HTTP/1.1" 200 4941582
[19/Apr/2017 13:40:56] "GET /pictures/NOTE_20170216_125910.jpg HTTP/1.1" 200 3360550
[19/Apr/2017 13:41:11] "GET /pictures/NOTE_20170216_130111.jpg HTTP/1.1" 200 3526935
[19/Apr/2017 13:41:21] "GET /pictures/NOTE_20270216_204546.jpg HTTP/1.1" 200 2533734
[19/Apr/2017 13:41:35] "GET /pictures/NOTE_20170413_011322.jpg HTTP/1.1" 200 3544040
[19/Apr/2017 13:41:41] "GET /pictures/NOTE_20490216_204354.jpg HTTP/1.1" 200 565000
[19/Apr/2017 13:41:55] "GET /pictures/NOTE_20170216_123144.jpg HTTP/1.1" 200 3064056
[19/Apr/2017 13:42:03] "GET /pictures/NOTE_20170216_204354.jpg HTTP/1.1" 200 565000
[19/Apr/2017 13:42:25] "GET /pictures/NOTE_20170406_031115.jpg HTTP/1.1" 200 2402196
[19/Apr/2017 13:42:49] "GET /pictures/NOTE_20170320_175351.jpg HTTP/1.1" 200 2583906
[19/Apr/2017 13:43:23] "GET /pictures/NOTE_20190215_114007.jpg HTTP/1.1" 200 2793983
[19/Apr/2017 13:43:44] "GET /pictures/NOTE_20170216_130101.jpg HTTP/1.1" 200 2767497
[19/Apr/2017 13:44:13] "GET /pictures/NOTE_20170215_173220.jpg HTTP/1.1" 200 3064051
[19/Apr/2017 13:44:38] "GET /pictures/NOTE_20170216_125954.jpg HTTP/1.1" 200 3203945
[19/Apr/2017 13:44:53] "GET /pictures/NOTE_20170216_125928.jpg HTTP/1.1" 200 2515828
[19/Apr/2017 13:45:05] "GET /pictures/NOTE_20170216_125919.jpg HTTP/1.1" 200 3064055
[19/Apr/2017 13:45:25] "GET /pictures/NOTE_20170215_165917.jpg HTTP/1.1" 200 3405095
[19/Apr/2017 13:45:47] "GET /pictures/NOTE_20170222_222251.jpg HTTP/1.1" 200 3194647
[19/Apr/2017 13:46:05] "GET /pictures/NOTE_20170215_165927.jpg HTTP/1.1" 200 2515856
[19/Apr/2017 13:46:30] "GET /pictures/NOTE_20170215_175135.jpg HTTP/1.1" 200 487190
[19/Apr/2017 13:46:52] "GET /pictures/NOTE_20480320_172615.jpg HTTP/1.1" 200 4941582
[19/Apr/2017 13:47:22] "GET /pictures/NOTE_20170216_125938.jpg HTTP/1.1" 200 3405092
[19/Apr/2017 13:47:54] "GET /pictures/NOTE_20170219_183325.jpg HTTP/1.1" 200 4321967
[19/Apr/2017 13:48:19] "GET /pictures/NOTE_20170215_165940.jpg HTTP/1.1" 200 2901593
[19/Apr/2017 13:48:42] "GET /pictures/NOTE_20170216_114022.jpg HTTP/1.1" 200 3360557
[19/Apr/2017 13:55:06] "GET /pictures/ HTTP/1.1" 200 5271
[19/Apr/2017 13:55:19] "GET /pictures/NOTE_20170405_215236.jpg HTTP/1.1" 200 3236730
[19/Apr/2017 13:55:36] "GET /pictures/NOTE_20170216_204546.jpg HTTP/1.1" 200 2533734
[19/Apr/2017 13:55:52] "GET /pictures/NOTE_20170418_200916.jpg HTTP/1.1" 200 3534793
[19/Apr/2017 13:55:58] "GET /pictures/NOTE_20170216_125904.jpg HTTP/1.1" 200 487177
[19/Apr/2017 13:56:09] "GET /pictures/NOTE_20470216_125919.jpg HTTP/1.1" 200 3064055
[19/Apr/2017 14:02:19] "GET /pictures/NOTE_20170405_215236.jpg HTTP/1.1" 200 3236730
Traceback (most recent call last):
  File "/usr/lib64/python2.7/wsgiref/handlers.py", line 86, in run
    self.finish_response()
  File "/usr/lib64/python2.7/wsgiref/handlers.py", line 128, in finish_response
    self.write(data)
  File "/usr/lib64/python2.7/wsgiref/handlers.py", line 217, in write
    self._write(data)
  File "/usr/lib64/python2.7/socket.py", line 328, in write
    self.flush()
  File "/usr/lib64/python2.7/socket.py", line 307, in flush
    self._sock.sendall(view[write_offset:write_offset+buffer_size])
error: [Errno 110] Connection timed out
[19/Apr/2017 14:02:19] "GET /pictures/NOTE_20170405_215236.jpg HTTP/1.1" 500 59
[2017-04-19 14:02:19,349] - Broken pipe from ('79.178.213.230', 35859)

[19/Apr/2017 14:58:11] "GET /pictures/ HTTP/1.1" 200 5271
[19/Apr/2017 14:58:13] "GET /pictures/ HTTP/1.1" 200 5271
[19/Apr/2017 15:40:50] "GET /pictures/ HTTP/1.1" 200 5271
[19/Apr/2017 16:22:53] "GET /pictures/ HTTP/1.1" 401 77
[19/Apr/2017 16:22:54] "GET /pictures/ HTTP/1.1" 401 77
[19/Apr/2017 16:23:13] "PUT /pictures/upload/ HTTP/1.1" 401 77
[19/Apr/2017 16:23:29] "PUT /pictures/upload/ HTTP/1.1" 401 77
[19/Apr/2017 16:23:42] "PUT /pictures/upload/ HTTP/1.1" 401 77
[19/Apr/2017 16:23:56] "PUT /pictures/upload/ HTTP/1.1" 401 77
[19/Apr/2017 16:24:13] "PUT /pictures/upload/ HTTP/1.1" 401 77
[19/Apr/2017 16:24:24] "PUT /pictures/upload/ HTTP/1.1" 401 77
[19/Apr/2017 16:24:39] "PUT /pictures/upload/ HTTP/1.1" 401 77
[19/Apr/2017 16:24:54] "PUT /pictures/upload/ HTTP/1.1" 401 77
[19/Apr/2017 16:24:58] "PUT /pictures/upload/ HTTP/1.1" 401 77
[19/Apr/2017 16:25:03] "PUT /pictures/upload/ HTTP/1.1" 401 77
[19/Apr/2017 16:25:19] "PUT /pictures/upload/ HTTP/1.1" 401 77
[19/Apr/2017 16:25:33] "PUT /pictures/upload/ HTTP/1.1" 401 77
[19/Apr/2017 16:25:49] "PUT /pictures/upload/ HTTP/1.1" 401 77
[19/Apr/2017 16:26:00] "PUT /pictures/upload/ HTTP/1.1" 401 77
[19/Apr/2017 16:26:08] "PUT /pictures/upload/ HTTP/1.1" 401 77
[19/Apr/2017 16:26:11] "PUT /pictures/upload/ HTTP/1.1" 401 77
[19/Apr/2017 16:26:24] "PUT /pictures/upload/ HTTP/1.1" 401 77
[19/Apr/2017 16:26:39] "PUT /pictures/upload/ HTTP/1.1" 401 77
[19/Apr/2017 16:26:55] "PUT /pictures/upload/ HTTP/1.1" 401 77
[19/Apr/2017 16:27:11] "PUT /pictures/upload/ HTTP/1.1" 401 77
[19/Apr/2017 16:27:25] "PUT /pictures/upload/ HTTP/1.1" 401 77
[19/Apr/2017 16:27:35] "PUT /pictures/upload/ HTTP/1.1" 401 77
[19/Apr/2017 16:27:54] "PUT /pictures/upload/ HTTP/1.1" 401 77
[19/Apr/2017 16:28:10] "PUT /pictures/upload/ HTTP/1.1" 401 77
[19/Apr/2017 16:28:25] "PUT /pictures/upload/ HTTP/1.1" 401 77
[19/Apr/2017 16:28:46] "PUT /pictures/upload/ HTTP/1.1" 401 77
[19/Apr/2017 16:29:01] "PUT /pictures/upload/ HTTP/1.1" 401 77
[19/Apr/2017 16:29:19] "PUT /pictures/upload/ HTTP/1.1" 401 77
[19/Apr/2017 16:29:33] "PUT /pictures/upload/ HTTP/1.1" 401 77
[19/Apr/2017 16:29:44] "PUT /pictures/upload/ HTTP/1.1" 401 77
[19/Apr/2017 16:29:59] "PUT /pictures/upload/ HTTP/1.1" 401 77
[19/Apr/2017 16:30:13] "PUT /pictures/upload/ HTTP/1.1" 401 77
[19/Apr/2017 16:30:27] "PUT /pictures/upload/ HTTP/1.1" 401 77
[19/Apr/2017 16:30:40] "PUT /pictures/upload/ HTTP/1.1" 401 77
[19/Apr/2017 16:30:54] "PUT /pictures/upload/ HTTP/1.1" 401 77
[19/Apr/2017 16:31:11] "PUT /pictures/upload/ HTTP/1.1" 401 77
[19/Apr/2017 16:31:24] "PUT /pictures/upload/ HTTP/1.1" 401 77
[19/Apr/2017 16:31:39] "PUT /pictures/upload/ HTTP/1.1" 401 77
[19/Apr/2017 16:31:56] "PUT /pictures/upload/ HTTP/1.1" 401 77
[19/Apr/2017 16:32:11] "PUT /pictures/upload/ HTTP/1.1" 401 77
[19/Apr/2017 16:32:30] "PUT /pictures/upload/ HTTP/1.1" 401 77
[19/Apr/2017 16:32:45] "PUT /pictures/upload/ HTTP/1.1" 401 77
[19/Apr/2017 16:32:56] "PUT /pictures/upload/ HTTP/1.1" 401 77
[19/Apr/2017 16:33:06] "PUT /pictures/upload/ HTTP/1.1" 401 77
[19/Apr/2017 16:33:09] "PUT /pictures/upload/ HTTP/1.1" 401 77
[19/Apr/2017 16:33:12] "PUT /pictures/upload/ HTTP/1.1" 401 77
[19/Apr/2017 16:33:24] "PUT /pictures/upload/ HTTP/1.1" 401 77
[19/Apr/2017 16:33:35] "PUT /pictures/upload/ HTTP/1.1" 401 77
[19/Apr/2017 16:33:38] "PUT /pictures/upload/ HTTP/1.1" 401 77
[19/Apr/2017 16:33:41] "PUT /pictures/upload/ HTTP/1.1" 401 77
[19/Apr/2017 16:34:02] "PUT /pictures/upload/ HTTP/1.1" 401 77
[19/Apr/2017 16:34:18] "PUT /pictures/upload/ HTTP/1.1" 401 77
[19/Apr/2017 16:34:37] "PUT /pictures/upload/ HTTP/1.1" 401 77
[19/Apr/2017 16:34:56] "PUT /pictures/upload/ HTTP/1.1" 401 77
[19/Apr/2017 16:35:11] "PUT /pictures/upload/ HTTP/1.1" 401 77
[19/Apr/2017 16:35:25] "PUT /pictures/upload/ HTTP/1.1" 401 77
[19/Apr/2017 16:35:37] "PUT /pictures/upload/ HTTP/1.1" 401 77
[19/Apr/2017 16:35:49] "PUT /pictures/upload/ HTTP/1.1" 401 77
[19/Apr/2017 16:36:04] "PUT /pictures/upload/ HTTP/1.1" 401 77
[19/Apr/2017 16:36:17] "PUT /pictures/upload/ HTTP/1.1" 401 77
[19/Apr/2017 16:36:18] "GET /pictures/ HTTP/1.1" 401 77
[19/Apr/2017 16:36:19] "GET /pictures/ HTTP/1.1" 401 77
[19/Apr/2017 16:36:42] "PUT /pictures/upload/ HTTP/1.1" 401 77
[19/Apr/2017 16:37:04] "PUT /pictures/upload/ HTTP/1.1" 401 77
[19/Apr/2017 16:37:22] "PUT /pictures/upload/ HTTP/1.1" 401 77
[19/Apr/2017 16:37:36] "PUT /pictures/upload/ HTTP/1.1" 401 77
[19/Apr/2017 16:37:48] "PUT /pictures/upload/ HTTP/1.1" 401 77
[19/Apr/2017 16:38:00] "PUT /pictures/upload/ HTTP/1.1" 401 77
[19/Apr/2017 16:38:16] "PUT /pictures/upload/ HTTP/1.1" 401 77
[19/Apr/2017 16:38:33] "PUT /pictures/upload/ HTTP/1.1" 401 77
[19/Apr/2017 16:38:40] "PUT /pictures/upload/ HTTP/1.1" 401 77
[19/Apr/2017 16:38:46] "PUT /pictures/upload/ HTTP/1.1" 401 77
[19/Apr/2017 16:38:59] "PUT /pictures/upload/ HTTP/1.1" 401 77
[19/Apr/2017 16:39:17] "PUT /pictures/upload/ HTTP/1.1" 401 77
[19/Apr/2017 16:39:33] "PUT /pictures/upload/ HTTP/1.1" 401 77
[19/Apr/2017 16:39:44] "PUT /pictures/upload/ HTTP/1.1" 401 77
[19/Apr/2017 16:39:49] "PUT /pictures/upload/ HTTP/1.1" 401 77
[19/Apr/2017 16:39:53] "PUT /pictures/upload/ HTTP/1.1" 401 77
[19/Apr/2017 16:40:05] "PUT /pictures/upload/ HTTP/1.1" 401 77
[19/Apr/2017 16:40:18] "PUT /pictures/upload/ HTTP/1.1" 401 77
[19/Apr/2017 16:40:30] "PUT /pictures/upload/ HTTP/1.1" 401 77
[19/Apr/2017 16:40:42] "PUT /pictures/upload/ HTTP/1.1" 401 77
[19/Apr/2017 16:40:58] "PUT /pictures/upload/ HTTP/1.1" 401 77
[19/Apr/2017 16:41:12] "PUT /pictures/upload/ HTTP/1.1" 401 77
[19/Apr/2017 16:41:28] "PUT /pictures/upload/ HTTP/1.1" 401 77
[19/Apr/2017 16:41:44] "PUT /pictures/upload/ HTTP/1.1" 401 77
[19/Apr/2017 16:41:58] "PUT /pictures/upload/ HTTP/1.1" 401 77
[19/Apr/2017 16:42:14] "PUT /pictures/upload/ HTTP/1.1" 401 77
[19/Apr/2017 16:42:28] "PUT /pictures/upload/ HTTP/1.1" 401 77
[19/Apr/2017 16:42:50] "PUT /pictures/upload/ HTTP/1.1" 401 77
[19/Apr/2017 16:43:04] "PUT /pictures/upload/ HTTP/1.1" 401 77
[19/Apr/2017 16:43:19] "PUT /pictures/upload/ HTTP/1.1" 401 77
[19/Apr/2017 16:43:34] "PUT /pictures/upload/ HTTP/1.1" 401 77
[19/Apr/2017 16:43:52] "PUT /pictures/upload/ HTTP/1.1" 401 77
[19/Apr/2017 16:44:06] "PUT /pictures/upload/ HTTP/1.1" 401 77
[19/Apr/2017 16:44:19] "PUT /pictures/upload/ HTTP/1.1" 401 77
[19/Apr/2017 16:44:31] "PUT /pictures/upload/ HTTP/1.1" 401 77
[19/Apr/2017 16:44:45] "PUT /pictures/upload/ HTTP/1.1" 401 77
[19/Apr/2017 16:44:57] "PUT /pictures/upload/ HTTP/1.1" 401 77
[19/Apr/2017 16:45:13] "PUT /pictures/upload/ HTTP/1.1" 401 77
[19/Apr/2017 16:45:25] "PUT /pictures/upload/ HTTP/1.1" 401 77
[19/Apr/2017 16:45:37] "PUT /pictures/upload/ HTTP/1.1" 401 77
[19/Apr/2017 16:45:51] "PUT /pictures/upload/ HTTP/1.1" 401 77
[19/Apr/2017 16:46:04] "PUT /pictures/upload/ HTTP/1.1" 401 77
[19/Apr/2017 16:46:15] "PUT /pictures/upload/ HTTP/1.1" 401 77
[19/Apr/2017 16:46:22] "PUT /pictures/upload/ HTTP/1.1" 401 77
[19/Apr/2017 16:46:32] "GET /pictures/ HTTP/1.1" 401 77
[19/Apr/2017 16:46:32] "GET /pictures/ HTTP/1.1" 401 77
[19/Apr/2017 16:46:54] "PUT /pictures/upload/ HTTP/1.1" 401 77
[19/Apr/2017 16:47:11] "PUT /pictures/upload/ HTTP/1.1" 401 77
[19/Apr/2017 16:47:34] "PUT /pictures/upload/ HTTP/1.1" 401 77
[19/Apr/2017 16:47:46] "PUT /pictures/upload/ HTTP/1.1" 401 77
[19/Apr/2017 16:48:02] "PUT /pictures/upload/ HTTP/1.1" 401 77
[19/Apr/2017 16:48:14] "PUT /pictures/upload/ HTTP/1.1" 401 77
[19/Apr/2017 16:48:30] "PUT /pictures/upload/ HTTP/1.1" 401 77
[19/Apr/2017 16:48:43] "PUT /pictures/upload/ HTTP/1.1" 401 77
[19/Apr/2017 16:48:50] "PUT /pictures/upload/ HTTP/1.1" 401 77
[19/Apr/2017 16:48:58] "PUT /pictures/upload/ HTTP/1.1" 401 77
[19/Apr/2017 16:49:15] "PUT /pictures/upload/ HTTP/1.1" 401 77
[19/Apr/2017 16:49:29] "PUT /pictures/upload/ HTTP/1.1" 401 77
[19/Apr/2017 16:49:42] "PUT /pictures/upload/ HTTP/1.1" 401 77
[19/Apr/2017 16:49:54] "PUT /pictures/upload/ HTTP/1.1" 401 77
[19/Apr/2017 16:49:59] "PUT /pictures/upload/ HTTP/1.1" 401 77
[19/Apr/2017 16:50:02] "PUT /pictures/upload/ HTTP/1.1" 401 77
[19/Apr/2017 16:50:13] "PUT /pictures/upload/ HTTP/1.1" 401 77
[19/Apr/2017 16:50:30] "PUT /pictures/upload/ HTTP/1.1" 401 77
[19/Apr/2017 16:50:43] "PUT /pictures/upload/ HTTP/1.1" 401 77
[19/Apr/2017 16:50:55] "PUT /pictures/upload/ HTTP/1.1" 401 77
[19/Apr/2017 16:51:08] "PUT /pictures/upload/ HTTP/1.1" 401 77
[19/Apr/2017 16:51:20] "PUT /pictures/upload/ HTTP/1.1" 401 77
[19/Apr/2017 16:51:34] "PUT /pictures/upload/ HTTP/1.1" 401 77
[19/Apr/2017 16:51:44] "PUT /pictures/upload/ HTTP/1.1" 401 77
[19/Apr/2017 16:51:56] "PUT /pictures/upload/ HTTP/1.1" 401 77
[19/Apr/2017 16:52:07] "PUT /pictures/upload/ HTTP/1.1" 401 77
[19/Apr/2017 16:52:20] "PUT /pictures/upload/ HTTP/1.1" 401 77
[19/Apr/2017 16:52:33] "PUT /pictures/upload/ HTTP/1.1" 401 77
[19/Apr/2017 16:52:44] "PUT /pictures/upload/ HTTP/1.1" 401 77
[19/Apr/2017 16:52:55] "PUT /pictures/upload/ HTTP/1.1" 401 77
[19/Apr/2017 16:53:09] "PUT /pictures/upload/ HTTP/1.1" 401 77
[19/Apr/2017 16:53:21] "PUT /pictures/upload/ HTTP/1.1" 401 77
[19/Apr/2017 16:53:38] "PUT /pictures/upload/ HTTP/1.1" 401 77
[19/Apr/2017 16:53:53] "PUT /pictures/upload/ HTTP/1.1" 401 77
[19/Apr/2017 16:54:09] "PUT /pictures/upload/ HTTP/1.1" 401 77
[19/Apr/2017 16:54:21] "PUT /pictures/upload/ HTTP/1.1" 401 77
[19/Apr/2017 16:54:35] "PUT /pictures/upload/ HTTP/1.1" 401 77
[19/Apr/2017 16:54:44] "PUT /pictures/upload/ HTTP/1.1" 401 77
[19/Apr/2017 16:54:57] "PUT /pictures/upload/ HTTP/1.1" 401 77
[19/Apr/2017 16:55:09] "PUT /pictures/upload/ HTTP/1.1" 401 77
[19/Apr/2017 16:55:25] "PUT /pictures/upload/ HTTP/1.1" 401 77
[19/Apr/2017 16:55:38] "PUT /pictures/upload/ HTTP/1.1" 401 77
[19/Apr/2017 16:55:53] "PUT /pictures/upload/ HTTP/1.1" 401 77
[19/Apr/2017 16:56:05] "PUT /pictures/upload/ HTTP/1.1" 401 77
[19/Apr/2017 16:56:13] "PUT /pictures/upload/ HTTP/1.1" 401 77
[19/Apr/2017 16:56:19] "PUT /pictures/upload/ HTTP/1.1" 401 77
[19/Apr/2017 16:56:34] "PUT /pictures/upload/ HTTP/1.1" 401 77
[19/Apr/2017 16:56:45] "PUT /pictures/upload/ HTTP/1.1" 401 77
[19/Apr/2017 16:56:49] "PUT /pictures/upload/ HTTP/1.1" 401 77
[19/Apr/2017 16:56:55] "PUT /pictures/upload/ HTTP/1.1" 401 77
[19/Apr/2017 16:57:19] "PUT /pictures/upload/ HTTP/1.1" 401 77
[19/Apr/2017 16:57:43] "PUT /pictures/upload/ HTTP/1.1" 401 77
[19/Apr/2017 16:58:03] "PUT /pictures/upload/ HTTP/1.1" 401 77
[19/Apr/2017 16:58:24] "PUT /pictures/upload/ HTTP/1.1" 401 77
[19/Apr/2017 16:58:37] "PUT /pictures/upload/ HTTP/1.1" 401 77
[19/Apr/2017 16:58:52] "PUT /pictures/upload/ HTTP/1.1" 401 77
[19/Apr/2017 16:59:09] "PUT /pictures/upload/ HTTP/1.1" 401 77
[19/Apr/2017 16:59:22] "PUT /pictures/upload/ HTTP/1.1" 401 77
[19/Apr/2017 16:59:36] "PUT /pictures/upload/ HTTP/1.1" 401 77
[19/Apr/2017 16:59:54] "PUT /pictures/upload/ HTTP/1.1" 401 77
[19/Apr/2017 16:59:55] "GET /pictures/ HTTP/1.1" 401 77
[19/Apr/2017 16:59:56] "GET /pictures/ HTTP/1.1" 401 77
[19/Apr/2017 17:00:20] "PUT /pictures/upload/ HTTP/1.1" 401 77
[19/Apr/2017 17:00:48] "PUT /pictures/upload/ HTTP/1.1" 401 77
[19/Apr/2017 17:01:06] "PUT /pictures/upload/ HTTP/1.1" 401 77
[19/Apr/2017 17:01:22] "PUT /pictures/upload/ HTTP/1.1" 401 77
[19/Apr/2017 17:01:37] "PUT /pictures/upload/ HTTP/1.1" 401 77
[19/Apr/2017 17:01:52] "PUT /pictures/upload/ HTTP/1.1" 401 77
[19/Apr/2017 17:02:11] "PUT /pictures/upload/ HTTP/1.1" 401 77
[19/Apr/2017 17:02:29] "PUT /pictures/upload/ HTTP/1.1" 401 77
[19/Apr/2017 17:02:33] "PUT /pictures/upload/ HTTP/1.1" 401 77
[19/Apr/2017 17:02:38] "PUT /pictures/upload/ HTTP/1.1" 401 77
[19/Apr/2017 17:02:53] "PUT /pictures/upload/ HTTP/1.1" 401 77
[19/Apr/2017 17:03:07] "PUT /pictures/upload/ HTTP/1.1" 401 77
[19/Apr/2017 17:03:20] "PUT /pictures/upload/ HTTP/1.1" 401 77
[19/Apr/2017 17:03:38] "PUT /pictures/upload/ HTTP/1.1" 401 77
[19/Apr/2017 17:03:39] "PUT /pictures/upload/ HTTP/1.1" 401 77
[19/Apr/2017 17:03:45] "PUT /pictures/upload/ HTTP/1.1" 401 77
[19/Apr/2017 17:04:07] "PUT /pictures/upload/ HTTP/1.1" 401 77
[19/Apr/2017 17:04:16] "PUT /pictures/upload/ HTTP/1.1" 401 77
[19/Apr/2017 17:04:26] "PUT /pictures/upload/ HTTP/1.1" 401 77
[19/Apr/2017 17:04:38] "PUT /pictures/upload/ HTTP/1.1" 401 77
[19/Apr/2017 17:04:52] "PUT /pictures/upload/ HTTP/1.1" 401 77
[19/Apr/2017 17:05:06] "PUT /pictures/upload/ HTTP/1.1" 401 77
[19/Apr/2017 17:05:17] "PUT /pictures/upload/ HTTP/1.1" 401 77
[19/Apr/2017 17:05:34] "PUT /pictures/upload/ HTTP/1.1" 401 77
[19/Apr/2017 17:05:49] "PUT /pictures/upload/ HTTP/1.1" 401 77
[19/Apr/2017 17:06:01] "PUT /pictures/upload/ HTTP/1.1" 401 77
[19/Apr/2017 17:06:15] "PUT /pictures/upload/ HTTP/1.1" 401 77
[19/Apr/2017 17:06:30] "PUT /pictures/upload/ HTTP/1.1" 401 77
[19/Apr/2017 17:06:48] "PUT /pictures/upload/ HTTP/1.1" 401 77
[19/Apr/2017 17:07:03] "PUT /pictures/upload/ HTTP/1.1" 401 77
[19/Apr/2017 17:07:16] "PUT /pictures/upload/ HTTP/1.1" 401 77
[19/Apr/2017 17:07:34] "PUT /pictures/upload/ HTTP/1.1" 401 77
[19/Apr/2017 17:07:49] "PUT /pictures/upload/ HTTP/1.1" 401 77
[19/Apr/2017 17:08:05] "PUT /pictures/upload/ HTTP/1.1" 401 77
[19/Apr/2017 17:08:19] "PUT /pictures/upload/ HTTP/1.1" 401 77
[19/Apr/2017 17:08:31] "PUT /pictures/upload/ HTTP/1.1" 401 77
[19/Apr/2017 17:08:42] "PUT /pictures/upload/ HTTP/1.1" 401 77
[19/Apr/2017 17:08:51] "PUT /pictures/upload/ HTTP/1.1" 401 77
[19/Apr/2017 17:09:05] "PUT /pictures/upload/ HTTP/1.1" 401 77
[19/Apr/2017 17:09:17] "PUT /pictures/upload/ HTTP/1.1" 401 77
[19/Apr/2017 17:09:34] "PUT /pictures/upload/ HTTP/1.1" 401 77
[19/Apr/2017 17:09:48] "PUT /pictures/upload/ HTTP/1.1" 401 77
[19/Apr/2017 17:10:06] "PUT /pictures/upload/ HTTP/1.1" 401 77
[19/Apr/2017 17:10:20] "PUT /pictures/upload/ HTTP/1.1" 401 77
[19/Apr/2017 17:10:28] "PUT /pictures/upload/ HTTP/1.1" 401 77
[19/Apr/2017 17:10:35] "PUT /pictures/upload/ HTTP/1.1" 401 77
[19/Apr/2017 17:10:48] "PUT /pictures/upload/ HTTP/1.1" 401 77
[19/Apr/2017 17:10:59] "PUT /pictures/upload/ HTTP/1.1" 401 77
[19/Apr/2017 17:11:02] "PUT /pictures/upload/ HTTP/1.1" 401 77
[19/Apr/2017 17:11:10] "PUT /pictures/upload/ HTTP/1.1" 401 77
[19/Apr/2017 17:11:33] "PUT /pictures/upload/ HTTP/1.1" 401 77
[19/Apr/2017 17:11:51] "PUT /pictures/upload/ HTTP/1.1" 401 77
[19/Apr/2017 17:12:08] "PUT /pictures/upload/ HTTP/1.1" 401 77
[19/Apr/2017 17:12:25] "PUT /pictures/upload/ HTTP/1.1" 401 77
[19/Apr/2017 17:12:40] "PUT /pictures/upload/ HTTP/1.1" 401 77
[19/Apr/2017 17:12:54] "PUT /pictures/upload/ HTTP/1.1" 401 77
[19/Apr/2017 17:13:05] "PUT /pictures/upload/ HTTP/1.1" 401 77
[19/Apr/2017 17:13:15] "PUT /pictures/upload/ HTTP/1.1" 401 77
[19/Apr/2017 17:13:30] "PUT /pictures/upload/ HTTP/1.1" 401 77
[19/Apr/2017 17:13:44] "PUT /pictures/upload/ HTTP/1.1" 401 77
[20/Apr/2017 09:04:50] "GET /pictures/ HTTP/1.1" 200 5271
[20/Apr/2017 09:05:02] "GET /pictures/ HTTP/1.1" 200 5271
[20/Apr/2017 09:05:12] "PUT /pictures/upload/ HTTP/1.1" 200 84
[20/Apr/2017 09:05:17] "GET /pictures/ HTTP/1.1" 200 5356
[20/Apr/2017 09:05:29] "GET /pictures/ HTTP/1.1" 200 5356
[20/Apr/2017 09:07:06] "GET /pictures/ HTTP/1.1" 200 511
[20/Apr/2017 09:07:19] "GET /pictures/NOTE_20170418_230132.jpg HTTP/1.1" 200 3723586
[20/Apr/2017 09:07:29] "GET /pictures/NOTE_20170418_225907.jpg HTTP/1.1" 200 3478206
[20/Apr/2017 09:08:53] "GET /pictures/ HTTP/1.1" 200 511
[20/Apr/2017 09:08:59] "GET /pictures/ HTTP/1.1" 200 511
[20/Apr/2017 09:09:04] "GET /pictures/ HTTP/1.1" 200 511
[20/Apr/2017 09:09:54] "GET /pictures/ HTTP/1.1" 200 511
[20/Apr/2017 10:13:17] "GET /pictures/ HTTP/1.1" 200 511
[20/Apr/2017 10:13:39] "GET /pictures/ HTTP/1.1" 200 511
[20/Apr/2017 21:16:36] "GET /pictures/ HTTP/1.1" 200 511
[21/Apr/2017 10:05:33] code 400, message Bad HTTP/0.9 request type ('\x03\x00\x00+&\xe0\x00\x00\x00\x00\x00Cookie:')
Traceback (most recent call last):
  File "/usr/lib64/python2.7/logging/__init__.py", line 861, in emit
    msg = self.format(record)
  File "/usr/lib64/python2.7/logging/__init__.py", line 734, in format
    return fmt.format(record)
  File "/usr/local/lib/python2.7/site-packages/django/utils/log.py", line 192, in format
    return super(ServerFormatter, self).format(record)
  File "/usr/lib64/python2.7/logging/__init__.py", line 476, in format
    raise e
UnicodeDecodeError: 'ascii' codec can't decode byte 0xe0 in position 6: ordinal not in range(128)
Logged from file basehttp.py, line 131
[21/Apr/2017 10:35:00] code 400, message Bad HTTP/0.9 request type ('\x03\x00\x00+&\xe0\x00\x00\x00\x00\x00Cookie:')
Traceback (most recent call last):
  File "/usr/lib64/python2.7/logging/__init__.py", line 861, in emit
    msg = self.format(record)
  File "/usr/lib64/python2.7/logging/__init__.py", line 734, in format
    return fmt.format(record)
  File "/usr/local/lib/python2.7/site-packages/django/utils/log.py", line 192, in format
    return super(ServerFormatter, self).format(record)
  File "/usr/lib64/python2.7/logging/__init__.py", line 476, in format
    raise e
UnicodeDecodeError: 'ascii' codec can't decode byte 0xe0 in position 6: ordinal not in range(128)
Logged from file basehttp.py, line 131
[21/Apr/2017 11:04:00] code 400, message Bad HTTP/0.9 request type ('\x03\x00\x00+&\xe0\x00\x00\x00\x00\x00Cookie:')
Traceback (most recent call last):
  File "/usr/lib64/python2.7/logging/__init__.py", line 861, in emit
    msg = self.format(record)
  File "/usr/lib64/python2.7/logging/__init__.py", line 734, in format
    return fmt.format(record)
  File "/usr/local/lib/python2.7/site-packages/django/utils/log.py", line 192, in format
    return super(ServerFormatter, self).format(record)
  File "/usr/lib64/python2.7/logging/__init__.py", line 476, in format
    raise e
UnicodeDecodeError: 'ascii' codec can't decode byte 0xe0 in position 6: ordinal not in range(128)
Logged from file basehttp.py, line 131
Invalid HTTP_HOST header: '35.166.230.163:8001'. You may need to add u'35.166.230.163' to ALLOWED_HOSTS.
[21/Apr/2017 12:47:25] "GET / HTTP/1.1" 400 61647
[2017-04-21 12:47:25,680] - Broken pipe from ('139.162.79.87', 58582)

Invalid HTTP_HOST header: '35.166.230.163:8001'. You may need to add u'35.166.230.163' to ALLOWED_HOSTS.
[23/Apr/2017 07:08:47] "GET / HTTP/1.1" 400 61647
[2017-04-23 07:08:47,944] - Broken pipe from ('139.162.79.87', 37082)

[23/Apr/2017 19:55:23] "GET /pictures/ HTTP/1.1" 200 511
Invalid HTTP_HOST header: '35.166.230.163:8001'. You may need to add u'35.166.230.163' to ALLOWED_HOSTS.
[25/Apr/2017 05:09:48] "GET / HTTP/1.1" 400 61647
[2017-04-25 05:09:48,624] - Broken pipe from ('139.162.79.87', 44722)

Invalid HTTP_HOST header: '35.166.230.163:8001'. You may need to add u'35.166.230.163' to ALLOWED_HOSTS.
[28/Apr/2017 18:45:07] "GET / HTTP/1.1" 400 61647
Traceback (most recent call last):
  File "/usr/lib64/python2.7/wsgiref/handlers.py", line 86, in run
    self.finish_response()
  File "/usr/lib64/python2.7/wsgiref/handlers.py", line 128, in finish_response
    self.write(data)
  File "/usr/lib64/python2.7/wsgiref/handlers.py", line 217, in write
    self._write(data)
  File "/usr/lib64/python2.7/socket.py", line 328, in write
    self.flush()
  File "/usr/lib64/python2.7/socket.py", line 307, in flush
    self._sock.sendall(view[write_offset:write_offset+buffer_size])
error: [Errno 104] Connection reset by peer
[28/Apr/2017 18:45:07] "GET / HTTP/1.1" 500 59
[2017-04-28 18:45:07,628] - Broken pipe from ('139.162.79.87', 49870)

Invalid HTTP_HOST header: '35.166.230.163:8001'. You may need to add u'35.166.230.163' to ALLOWED_HOSTS.
[30/Apr/2017 15:41:26] "GET / HTTP/1.1" 400 61795
Invalid HTTP_HOST header: '35.166.230.163:8001'. You may need to add u'35.166.230.163' to ALLOWED_HOSTS.
[01/May/2017 02:43:21] "GET / HTTP/1.1" 400 61646
[2017-05-01 02:43:21,447] - Broken pipe from ('139.162.79.87', 34220)

[01/May/2017 11:20:55] "GET /pictures/ HTTP/1.1" 200 511
[01/May/2017 11:21:05] "PUT /pictures/upload/ HTTP/1.1" 200 84
[01/May/2017 11:21:11] "PUT /pictures/upload/ HTTP/1.1" 200 84
[01/May/2017 11:21:21] "PUT /pictures/upload/ HTTP/1.1" 200 84
[01/May/2017 11:24:23] "GET /pictures/ HTTP/1.1" 200 5356
[01/May/2017 11:24:33] "GET /pictures/NOTE_20170320_172615.jpg HTTP/1.1" 200 4941582
[01/May/2017 11:24:44] "GET /pictures/NOTE_20170216_125910.jpg HTTP/1.1" 200 3360550
[01/May/2017 11:24:55] "GET /pictures/NOTE_20170216_130111.jpg HTTP/1.1" 200 3526935
[01/May/2017 11:25:02] "GET /pictures/NOTE_20270216_204546.jpg HTTP/1.1" 200 2533734
[01/May/2017 11:25:13] "GET /pictures/NOTE_20170413_011322.jpg HTTP/1.1" 200 3544040
[01/May/2017 11:25:19] "GET /pictures/NOTE_20490216_204354.jpg HTTP/1.1" 200 565000
[01/May/2017 11:25:30] "GET /pictures/NOTE_20170216_123144.jpg HTTP/1.1" 200 3064056
[01/May/2017 11:25:36] "GET /pictures/NOTE_20170216_204354.jpg HTTP/1.1" 200 565000
[01/May/2017 11:25:45] "GET /pictures/NOTE_20170406_031115.jpg HTTP/1.1" 200 2402196
[01/May/2017 11:25:55] "GET /pictures/NOTE_20170320_175351.jpg HTTP/1.1" 200 2583906
[01/May/2017 11:26:05] "GET /pictures/NOTE_20190215_114007.jpg HTTP/1.1" 200 2793983
[01/May/2017 11:26:12] "GET /pictures/NOTE_20170216_130101.jpg HTTP/1.1" 200 2767497
[01/May/2017 11:26:23] "GET /pictures/NOTE_20170215_173220.jpg HTTP/1.1" 200 3064051
[01/May/2017 11:26:34] "GET /pictures/NOTE_20170216_125954.jpg HTTP/1.1" 200 3203945
[01/May/2017 11:26:43] "GET /pictures/NOTE_20170216_125928.jpg HTTP/1.1" 200 2515828
[01/May/2017 11:26:56] "GET /pictures/NOTE_20170216_125919.jpg HTTP/1.1" 200 3064055
[01/May/2017 11:27:15] "GET /pictures/NOTE_20170215_165917.jpg HTTP/1.1" 200 3405095
[01/May/2017 11:27:31] "GET /pictures/NOTE_20170222_222251.jpg HTTP/1.1" 200 3194647
[01/May/2017 11:27:45] "GET /pictures/NOTE_20170215_165927.jpg HTTP/1.1" 200 2515856
[01/May/2017 11:27:59] "GET /pictures/NOTE_20170405_215236.jpg HTTP/1.1" 200 3236730
[01/May/2017 11:28:12] "GET /pictures/NOTE_20170216_204546.jpg HTTP/1.1" 200 2533734
[01/May/2017 11:28:23] "GET /pictures/NOTE_20170418_200916.jpg HTTP/1.1" 200 3534793
[01/May/2017 11:28:28] "GET /pictures/NOTE_20170216_125904.jpg HTTP/1.1" 200 487177
[01/May/2017 11:28:36] "GET /pictures/NOTE_20170420_120304.jpg HTTP/1.1" 200 3203232
[01/May/2017 11:28:52] "GET /pictures/NOTE_20470216_125919.jpg HTTP/1.1" 200 3064055
[01/May/2017 11:29:04] "GET /pictures/NOTE_20170215_175135.jpg HTTP/1.1" 200 487190
[01/May/2017 11:29:19] "GET /pictures/NOTE_20480320_172615.jpg HTTP/1.1" 200 4941582
[01/May/2017 11:29:34] "GET /pictures/NOTE_20170216_125938.jpg HTTP/1.1" 200 3405092
[01/May/2017 11:29:54] "GET /pictures/NOTE_20170219_183325.jpg HTTP/1.1" 200 4321967
[01/May/2017 11:30:11] "GET /pictures/NOTE_20170215_165940.jpg HTTP/1.1" 200 2901593
[01/May/2017 11:30:34] "GET /pictures/NOTE_20170216_114022.jpg HTTP/1.1" 200 3360557
Traceback (most recent call last):
  File "/usr/lib64/python2.7/SocketServer.py", line 596, in process_request_thread
    self.finish_request(request, client_address)
  File "/usr/lib64/python2.7/SocketServer.py", line 331, in finish_request
    self.RequestHandlerClass(request, client_address, self)
  File "/usr/lib64/python2.7/SocketServer.py", line 652, in __init__
    self.handle()
  File "/usr/local/lib/python2.7/site-packages/django/core/servers/basehttp.py", line 159, in handle
    self.raw_requestline = self.rfile.readline(65537)
  File "/usr/lib64/python2.7/socket.py", line 480, in readline
    data = self._sock.recv(self._rbufsize)
error: [Errno 104] Connection reset by peer
[03/May/2017 16:42:21] "GET /admin/ HTTP/1.1" 302 0
[03/May/2017 16:42:21] "GET /admin/login/?next=/admin/ HTTP/1.1" 200 1660
[03/May/2017 16:42:21] "GET /static/admin/css/base.css HTTP/1.1" 200 15937
[03/May/2017 16:42:22] "GET /static/admin/css/login.css HTTP/1.1" 200 1203
[03/May/2017 16:42:22] "GET /static/admin/css/fonts.css HTTP/1.1" 200 423
Not Found: /favicon.ico
[03/May/2017 16:42:22] "GET /favicon.ico HTTP/1.1" 404 4495
[03/May/2017 16:42:23] "GET /static/admin/fonts/Roboto-Light-webfont.woff HTTP/1.1" 200 81348
[03/May/2017 16:42:23] "GET /static/admin/fonts/Roboto-Regular-webfont.woff HTTP/1.1" 200 80304
[03/May/2017 16:42:27] "POST /admin/login/?next=/admin/ HTTP/1.1" 302 0
[03/May/2017 16:42:28] "GET /admin/ HTTP/1.1" 200 10334
[03/May/2017 16:42:28] "GET /static/admin/css/dashboard.css HTTP/1.1" 200 434
[03/May/2017 16:42:29] "GET /static/admin/img/icon-addlink.svg HTTP/1.1" 200 331
[03/May/2017 16:42:29] "GET /static/admin/img/icon-changelink.svg HTTP/1.1" 200 380
[03/May/2017 16:42:29] "GET /static/admin/img/icon-deletelink.svg HTTP/1.1" 200 392
[03/May/2017 16:42:29] "GET /static/admin/fonts/Roboto-Bold-webfont.woff HTTP/1.1" 200 82564
[03/May/2017 16:42:43] code 400, message Bad HTTP/0.9 request type ('\x16\x03\x01\x00\xe9\x01\x00\x00\xe5\x03\x03')
[03/May/2017 16:42:43] You're accessing the development server over HTTPS, but it only supports HTTP.

[03/May/2017 16:42:43] code 400, message Bad HTTP/0.9 request type ('\x16\x03\x01\x00\xe9\x01\x00\x00\xe5\x03\x03\\uVW')
[03/May/2017 16:42:43] You're accessing the development server over HTTPS, but it only supports HTTP.

[03/May/2017 16:42:55] code 400, message Bad request syntax ('\x16\x03\x03\x00\xde\x01\x00\x00\xda\x03\x03Y')
[03/May/2017 16:42:55] You're accessing the development server over HTTPS, but it only supports HTTP.

[03/May/2017 16:42:55] code 400, message Bad request syntax ('\x16\x03\x02\x00\xaa\x01\x00\x00\xa6\x03\x02Y')
[03/May/2017 16:42:55] You're accessing the development server over HTTPS, but it only supports HTTP.

[03/May/2017 16:42:56] code 400, message Bad request syntax ('\x16\x03\x01\x00\xaa\x01\x00\x00\xa6\x03\x01Y')
[03/May/2017 16:42:56] You're accessing the development server over HTTPS, but it only supports HTTP.

[03/May/2017 16:42:56] code 400, message Bad request syntax ('\x16\x03\x00\x005\x01\x00\x001\x03\x00Y')
[03/May/2017 16:42:56] You're accessing the development server over HTTPS, but it only supports HTTP.

Traceback (most recent call last):
  File "/usr/lib64/python2.7/SocketServer.py", line 596, in process_request_thread
    self.finish_request(request, client_address)
  File "/usr/lib64/python2.7/SocketServer.py", line 331, in finish_request
    self.RequestHandlerClass(request, client_address, self)
  File "/usr/lib64/python2.7/SocketServer.py", line 652, in __init__
    self.handle()
  File "/usr/local/lib/python2.7/site-packages/django/core/servers/basehttp.py", line 159, in handle
    self.raw_requestline = self.rfile.readline(65537)
  File "/usr/lib64/python2.7/socket.py", line 480, in readline
    data = self._sock.recv(self._rbufsize)
error: [Errno 104] Connection reset by peer
[03/May/2017 17:05:01] "GET /admin/ HTTP/1.1" 200 10334
Invalid HTTP_HOST header: '35.166.230.163:8001'. You may need to add u'35.166.230.163' to ALLOWED_HOSTS.
[03/May/2017 17:06:33] "GET / HTTP/1.1" 400 61646
[2017-05-03 17:06:33,502] - Broken pipe from ('139.162.79.87', 45274)

Invalid HTTP_HOST header: u'ip-172-31-23-47.us-west-2.compute.internal:8001'. You may need to add u'ip-172-31-23-47.us-west-2.compute.internal' to ALLOWED_HOSTS.
[03/May/2017 21:13:50] "GET / HTTP/1.0" 400 61696
[2017-05-03 21:13:50,692] - Broken pipe from ('5.188.211.68', 45636)

Performing system checks...

System check identified no issues (0 silenced).
April 18, 2017 - 20:54:41
Django version 1.10.5, using settings 'notebook_server.settings'
Starting development server at http://ec2-35-166-230-163.us-west-2.compute.amazonaws.com:8001/
Quit the server with CONTROL-C.
----------------------------------------
Exception happened during processing of request from ('93.183.200.55', 51684)
----------------------------------------
----------------------------------------
Exception happened during processing of request from ('109.67.70.20', 51379)
----------------------------------------
Exception OSError: (2, 'No such file or directory', '/tmp/tmpHeWBHJ.upload') in <bound method _TemporaryFileWrapper.__del__ of <closed file '<fdopen>', mode 'w+b' at 0x7f7058c5aed0>> ignored
Exception OSError: (2, 'No such file or directory', '/tmp/tmpfGwNnM.upload') in <bound method _TemporaryFileWrapper.__del__ of <closed file '<fdopen>', mode 'w+b' at 0x7f7058c5ae40>> ignored
Exception OSError: (2, 'No such file or directory', '/tmp/tmpYP9PMN.upload') in <bound method _TemporaryFileWrapper.__del__ of <closed file '<fdopen>', mode 'w+b' at 0x7f7058c5ac90>> ignored
Exception OSError: (2, 'No such file or directory', '/tmp/tmpwYFBdv.upload') in <bound method _TemporaryFileWrapper.__del__ of <closed file '<fdopen>', mode 'w+b' at 0x7f7058412780>> ignored
Exception OSError: (2, 'No such file or directory', '/tmp/tmpN7tLqS.upload') in <bound method _TemporaryFileWrapper.__del__ of <closed file '<fdopen>', mode 'w+b' at 0x7f7058412030>> ignored
Exception OSError: (2, 'No such file or directory', '/tmp/tmp9yi7R5.upload') in <bound method _TemporaryFileWrapper.__del__ of <closed file '<fdopen>', mode 'w+b' at 0x7f7058231930>> ignored
Exception OSError: (2, 'No such file or directory', '/tmp/tmpYpe8U1.upload') in <bound method _TemporaryFileWrapper.__del__ of <closed file '<fdopen>', mode 'w+b' at 0x7f7058412810>> ignored
Exception OSError: (2, 'No such file or directory', '/tmp/tmp_7vxlw.upload') in <bound method _TemporaryFileWrapper.__del__ of <closed file '<fdopen>', mode 'w+b' at 0x7f70584126f0>> ignored
Performing system checks...

System check identified no issues (0 silenced).
May 04, 2017 - 12:25:15
Django version 1.10.5, using settings 'notebook_server.settings'
Starting development server at http://ec2-35-166-230-163.us-west-2.compute.amazonaws.com:8001/
Quit the server with CONTROL-C.
Performing system checks...

System check identified no issues (0 silenced).
May 04, 2017 - 12:50:19
Django version 1.10.5, using settings 'notebook_server.settings'
Starting development server at http://ec2-35-166-230-163.us-west-2.compute.amazonaws.com:8001/
Quit the server with CONTROL-C.
Unhandled exception in thread started by <function wrapper at 0x7fb12b8b9ed8>
Traceback (most recent call last):
  File "/usr/local/lib/python2.7/site-packages/django/utils/autoreload.py", line 226, in wrapper
    fn(*args, **kwargs)
  File "/usr/local/lib/python2.7/site-packages/django/core/management/commands/runserver.py", line 113, in inner_run
    autoreload.raise_last_exception()
  File "/usr/local/lib/python2.7/site-packages/django/utils/autoreload.py", line 249, in raise_last_exception
    six.reraise(*_exception)
  File "/usr/local/lib/python2.7/site-packages/django/utils/autoreload.py", line 226, in wrapper
    fn(*args, **kwargs)
  File "/usr/local/lib/python2.7/site-packages/django/__init__.py", line 27, in setup
    apps.populate(settings.INSTALLED_APPS)
  File "/usr/local/lib/python2.7/site-packages/django/apps/registry.py", line 89, in populate
    "duplicates: %s" % app_config.label)
django.core.exceptions.ImproperlyConfigured: Application labels aren't unique, duplicates: staticfiles
Performing system checks...

System check identified no issues (0 silenced).
May 04, 2017 - 13:52:30
Django version 1.10.5, using settings 'notebook_server.settings'
Starting development server at http://ec2-35-166-230-163.us-west-2.compute.amazonaws.com:8001/
Quit the server with CONTROL-C.
Performing system checks...

System check identified no issues (0 silenced).
May 04, 2017 - 18:10:27
Django version 1.10.5, using settings 'notebook_server.settings'
Starting development server at http://ec2-35-166-230-163.us-west-2.compute.amazonaws.com:8001/
Quit the server with CONTROL-C.
Invalid HTTP_HOST header: '35.166.230.163:8001'. You may need to add u'35.166.230.163' to ALLOWED_HOSTS.
[05/May/2017 23:42:54] "GET / HTTP/1.1" 400 62049
Invalid HTTP_HOST header: '35.166.230.163:8001'. You may need to add u'35.166.230.163' to ALLOWED_HOSTS.
[07/May/2017 09:32:42] "GET / HTTP/1.1" 400 62051
Performing system checks...

System check identified no issues (0 silenced).
May 04, 2017 - 19:35:21
Django version 1.10.5, using settings 'notebook_server.settings'
Starting development server at http://ec2-35-166-230-163.us-west-2.compute.amazonaws.com:8001/
Quit the server with CONTROL-C.
Performing system checks...

System check identified no issues (0 silenced).
May 07, 2017 - 11:05:36
Django version 1.10.5, using settings 'notebook_server.settings'
Starting development server at http://ec2-35-166-230-163.us-west-2.compute.amazonaws.com:8001/
Quit the server with CONTROL-C.
Unhandled exception in thread started by <function wrapper at 0x7f72df6c0140>
Performing system checks...

Traceback (most recent call last):
  File "/usr/local/lib/python2.7/site-packages/django/utils/autoreload.py", line 226, in wrapper
    fn(*args, **kwargs)
  File "/usr/local/lib/python2.7/site-packages/django/core/management/commands/runserver.py", line 121, in inner_run
    self.check(display_num_errors=True)
  File "/usr/local/lib/python2.7/site-packages/django/core/management/base.py", line 374, in check
    include_deployment_checks=include_deployment_checks,
  File "/usr/local/lib/python2.7/site-packages/django/core/management/base.py", line 361, in _run_checks
    return checks.run_checks(**kwargs)
  File "/usr/local/lib/python2.7/site-packages/django/core/checks/registry.py", line 81, in run_checks
    new_errors = check(app_configs=app_configs)
  File "/usr/local/lib/python2.7/site-packages/django/core/checks/urls.py", line 14, in check_url_config
    return check_resolver(resolver)
  File "/usr/local/lib/python2.7/site-packages/django/core/checks/urls.py", line 24, in check_resolver
    for pattern in resolver.url_patterns:
  File "/usr/local/lib/python2.7/site-packages/django/utils/functional.py", line 35, in __get__
    res = instance.__dict__[self.name] = self.func(instance)
  File "/usr/local/lib/python2.7/site-packages/django/urls/resolvers.py", line 313, in url_patterns
    patterns = getattr(self.urlconf_module, "urlpatterns", self.urlconf_module)
  File "/usr/local/lib/python2.7/site-packages/django/utils/functional.py", line 35, in __get__
    res = instance.__dict__[self.name] = self.func(instance)
  File "/usr/local/lib/python2.7/site-packages/django/urls/resolvers.py", line 306, in urlconf_module
    return import_module(self.urlconf_name)
  File "/usr/lib64/python2.7/importlib/__init__.py", line 37, in import_module
    __import__(name)
  File "/home/ec2-user/python_projects/notebook_server/notebook_server/urls.py", line 19, in <module>
    from file_storage import views
  File "/home/ec2-user/python_projects/notebook_server/file_storage/views.py", line 400
    print(username)
    ^
IndentationError: unexpected indent
Performing system checks...

System check identified no issues (0 silenced).
May 07, 2017 - 11:14:19
Django version 1.10.5, using settings 'notebook_server.settings'
Starting development server at http://ec2-35-166-230-163.us-west-2.compute.amazonaws.com:8001/
Quit the server with CONTROL-C.
Performing system checks...

System check identified no issues (0 silenced).
May 07, 2017 - 11:18:41
Django version 1.10.5, using settings 'notebook_server.settings'
Starting development server at http://ec2-35-166-230-163.us-west-2.compute.amazonaws.com:8001/
Quit the server with CONTROL-C.
Performing system checks...

System check identified no issues (0 silenced).
May 07, 2017 - 11:20:56
Django version 1.10.5, using settings 'notebook_server.settings'
Starting development server at http://ec2-35-166-230-163.us-west-2.compute.amazonaws.com:8001/
Quit the server with CONTROL-C.
Performing system checks...

System check identified no issues (0 silenced).
May 07, 2017 - 11:30:51
Django version 1.10.5, using settings 'notebook_server.settings'
Starting development server at http://ec2-35-166-230-163.us-west-2.compute.amazonaws.com:8001/
Quit the server with CONTROL-C.
Performing system checks...

System check identified no issues (0 silenced).
May 07, 2017 - 11:42:15
Django version 1.10.5, using settings 'notebook_server.settings'
Starting development server at http://ec2-35-166-230-163.us-west-2.compute.amazonaws.com:8001/
Quit the server with CONTROL-C.
Performing system checks...

System check identified no issues (0 silenced).
May 07, 2017 - 12:09:08
Django version 1.10.5, using settings 'notebook_server.settings'
Starting development server at http://ec2-35-166-230-163.us-west-2.compute.amazonaws.com:8001/
Quit the server with CONTROL-C.
Performing system checks...

System check identified no issues (0 silenced).
May 07, 2017 - 12:18:30
Django version 1.10.5, using settings 'notebook_server.settings'
Starting development server at http://ec2-35-166-230-163.us-west-2.compute.amazonaws.com:8001/
Quit the server with CONTROL-C.
Performing system checks...

System check identified no issues (0 silenced).
May 07, 2017 - 12:52:17
Django version 1.10.5, using settings 'notebook_server.settings'
Starting development server at http://ec2-35-166-230-163.us-west-2.compute.amazonaws.com:8001/
Quit the server with CONTROL-C.
Performing system checks...

System check identified no issues (0 silenced).
May 07, 2017 - 12:56:53
Django version 1.10.5, using settings 'notebook_server.settings'
Starting development server at http://ec2-35-166-230-163.us-west-2.compute.amazonaws.com:8001/
Quit the server with CONTROL-C.
Performing system checks...

System check identified no issues (0 silenced).
May 07, 2017 - 13:13:29
Django version 1.10.5, using settings 'notebook_server.settings'
Starting development server at http://ec2-35-166-230-163.us-west-2.compute.amazonaws.com:8001/
Quit the server with CONTROL-C.
Performing system checks...

System check identified no issues (0 silenced).
May 07, 2017 - 13:18:57
Django version 1.10.5, using settings 'notebook_server.settings'
Starting development server at http://ec2-35-166-230-163.us-west-2.compute.amazonaws.com:8001/
Quit the server with CONTROL-C.
[08/May/2017 01:01:35] code 400, message Bad HTTP/0.9 request type ('\x03\x00\x00*%\xe0\x00\x00\x00\x00\x00Cookie:')
Traceback (most recent call last):
  File "/usr/lib64/python2.7/logging/__init__.py", line 861, in emit
    msg = self.format(record)
  File "/usr/lib64/python2.7/logging/__init__.py", line 734, in format
    return fmt.format(record)
  File "/usr/local/lib/python2.7/site-packages/django/utils/log.py", line 192, in format
    return super(ServerFormatter, self).format(record)
  File "/usr/lib64/python2.7/logging/__init__.py", line 476, in format
    raise e
UnicodeDecodeError: 'ascii' codec can't decode byte 0xe0 in position 6: ordinal not in range(128)
Logged from file basehttp.py, line 131
[08/May/2017 01:01:35] code 400, message Bad HTTP/0.9 request type ('\x03\x00\x00*%\xe0\x00\x00\x00\x00\x00Cookie:')
Traceback (most recent call last):
  File "/usr/lib64/python2.7/logging/__init__.py", line 861, in emit
    msg = self.format(record)
  File "/usr/lib64/python2.7/logging/__init__.py", line 734, in format
    return fmt.format(record)
  File "/usr/local/lib/python2.7/site-packages/django/utils/log.py", line 192, in format
    return super(ServerFormatter, self).format(record)
  File "/usr/lib64/python2.7/logging/__init__.py", line 476, in format
    raise e
UnicodeDecodeError: 'ascii' codec can't decode byte 0xe0 in position 6: ordinal not in range(128)
Logged from file basehttp.py, line 131
Performing system checks...

System check identified no issues (0 silenced).
May 07, 2017 - 13:21:51
Django version 1.10.5, using settings 'notebook_server.settings'
Starting development server at http://ec2-35-166-230-163.us-west-2.compute.amazonaws.com:8001/
Quit the server with CONTROL-C.
Unhandled exception in thread started by <function wrapper at 0x7fddf3d6e140>
Performing system checks...

Traceback (most recent call last):
  File "/usr/local/lib/python2.7/site-packages/django/utils/autoreload.py", line 226, in wrapper
    fn(*args, **kwargs)
  File "/usr/local/lib/python2.7/site-packages/django/core/management/commands/runserver.py", line 121, in inner_run
    self.check(display_num_errors=True)
  File "/usr/local/lib/python2.7/site-packages/django/core/management/base.py", line 374, in check
    include_deployment_checks=include_deployment_checks,
  File "/usr/local/lib/python2.7/site-packages/django/core/management/base.py", line 361, in _run_checks
    return checks.run_checks(**kwargs)
  File "/usr/local/lib/python2.7/site-packages/django/core/checks/registry.py", line 81, in run_checks
    new_errors = check(app_configs=app_configs)
  File "/usr/local/lib/python2.7/site-packages/django/core/checks/urls.py", line 14, in check_url_config
    return check_resolver(resolver)
  File "/usr/local/lib/python2.7/site-packages/django/core/checks/urls.py", line 24, in check_resolver
    for pattern in resolver.url_patterns:
  File "/usr/local/lib/python2.7/site-packages/django/utils/functional.py", line 35, in __get__
    res = instance.__dict__[self.name] = self.func(instance)
  File "/usr/local/lib/python2.7/site-packages/django/urls/resolvers.py", line 313, in url_patterns
    patterns = getattr(self.urlconf_module, "urlpatterns", self.urlconf_module)
  File "/usr/local/lib/python2.7/site-packages/django/utils/functional.py", line 35, in __get__
    res = instance.__dict__[self.name] = self.func(instance)
  File "/usr/local/lib/python2.7/site-packages/django/urls/resolvers.py", line 306, in urlconf_module
    return import_module(self.urlconf_name)
  File "/usr/lib64/python2.7/importlib/__init__.py", line 37, in import_module
    __import__(name)
  File "/home/ec2-user/python_projects/notebook_server/notebook_server/urls.py", line 19, in <module>
    from file_storage import views
  File "/home/ec2-user/python_projects/notebook_server/file_storage/views.py", line 394
    print >>sys.stderr, 'dfgdfgfgdfgdfgdfgdfgdfgdfgdfgdfgdfgdfgdfgfdgdfgdfg')
                                                                            ^
SyntaxError: invalid syntax
Performing system checks...

System check identified no issues (0 silenced).
May 08, 2017 - 13:48:13
Django version 1.10.5, using settings 'notebook_server.settings'
Starting development server at http://ec2-35-166-230-163.us-west-2.compute.amazonaws.com:8001/
Quit the server with CONTROL-C.
